2017-01-06 13:11:19,188 INFO  [    ome.formats.OMEROMetadataStoreClient] (2-thread-2) Call context: {omero.logfilename:public_data_2/2017-01/06/13-11-17.441.log}
2017-01-06 13:11:19,197 INFO  [         ome.security.basic.EventHandler] (l.Server-9)  Auth:	user=2,group=3,event=null(User),sess=66c77a61-ac93-4d6f-8cee-39147a85ec55
2017-01-06 13:11:19,223 INFO  [                loci.formats.ImageReader] (2-thread-2) IvisionReader initializing /OMERO/OMERO.data/ManagedRepository/public_data_2/2017-01/06/13-11-17.441/img0005.ipm
2017-01-06 13:11:19,224 INFO  [              loci.formats.FormatHandler] (2-thread-2) Populating metadata
2017-01-06 13:11:19,224 INFO  [              loci.formats.FormatHandler] (2-thread-2) Looking for XML metadata
2017-01-06 13:11:19,225 INFO  [              loci.formats.FormatHandler] (2-thread-2) Populating core metadata
2017-01-06 13:11:19,225 INFO  [              loci.formats.FormatHandler] (2-thread-2) Populating MetadataStore
2017-01-06 13:11:19,227 INFO  [         ome.security.basic.EventHandler] (l.Server-2)  Auth:	user=2,group=3,event=null(User),sess=66c77a61-ac93-4d6f-8cee-39147a85ec55
2017-01-06 13:11:19,230 INFO  [         ome.security.basic.EventHandler] (l.Server-7)  Auth:	user=2,group=3,event=null(User),sess=66c77a61-ac93-4d6f-8cee-39147a85ec55
2017-01-06 13:11:19,233 INFO  [         ome.security.basic.EventHandler] (l.Server-1)  Auth:	user=2,group=3,event=null(User),sess=66c77a61-ac93-4d6f-8cee-39147a85ec55
2017-01-06 13:11:19,236 INFO  [         ome.security.basic.EventHandler] (l.Server-4)  Auth:	user=2,group=3,event=null(User),sess=66c77a61-ac93-4d6f-8cee-39147a85ec55
2017-01-06 13:11:19,247 INFO  [         ome.security.basic.EventHandler] (l.Server-3)  Auth:	user=2,group=3,event=null(User),sess=66c77a61-ac93-4d6f-8cee-39147a85ec55
2017-01-06 13:11:19,250 INFO  [         ome.security.basic.EventHandler] (l.Server-8)  Auth:	user=2,group=3,event=null(User),sess=66c77a61-ac93-4d6f-8cee-39147a85ec55
2017-01-06 13:11:19,253 INFO  [         ome.security.basic.EventHandler] (l.Server-5)  Auth:	user=2,group=3,event=null(User),sess=66c77a61-ac93-4d6f-8cee-39147a85ec55
2017-01-06 13:11:19,257 INFO  [         ome.security.basic.EventHandler] (l.Server-0)  Auth:	user=2,group=3,event=null(User),sess=66c77a61-ac93-4d6f-8cee-39147a85ec55
2017-01-06 13:11:19,259 WARN  [    ome.formats.enums.IQueryEnumProvider] (2-thread-2) Enumeration 'Other' does not exist in 'class omero.model.Binning' returning 'null'
2017-01-06 13:11:19,275 DEBUG [                   loci.formats.Memoizer] (2-thread-2) saved to temp file: /OMERO/OMERO.data/BioFormatsCache/OMERO/OMERO.data/ManagedRepository/public_data_2/2017-01/06/13-11-17.441/.img0005.ipm.bfmemo6875632760988133722
2017-01-06 13:11:19,275 DEBUG [                   loci.formats.Memoizer] (2-thread-2) start[1483708279263] time[12] tag[loci.formats.Memoizer.saveMemo]
2017-01-06 13:11:19,275 DEBUG [                   loci.formats.Memoizer] (2-thread-2) saved memo file: /OMERO/OMERO.data/BioFormatsCache/OMERO/OMERO.data/ManagedRepository/public_data_2/2017-01/06/13-11-17.441/.img0005.ipm.bfmemo (35636 bytes)
2017-01-06 13:11:19,275 DEBUG [                   loci.formats.Memoizer] (2-thread-2) start[1483708279218] time[57] tag[loci.formats.Memoizer.setId]
2017-01-06 13:11:19,275 DEBUG [    o.s.blitz.repo.ManagedImportRequestI] (2-thread-2) Image Count: 66
2017-01-06 13:11:19,275 INFO  [    o.s.blitz.repo.ManagedImportRequestI] (2-thread-2) File format: IVision
2017-01-06 13:11:19,275 INFO  [    o.s.blitz.repo.ManagedImportRequestI] (2-thread-2) Base reader: loci.formats.in.IvisionReader
2017-01-06 13:11:19,275 DEBUG [    o.s.blitz.repo.ManagedImportRequestI] (2-thread-2) Step 0
2017-01-06 13:11:19,276 WARN  [    ome.formats.model.ReferenceProcessor] (2-thread-2) Unknown target class for LSID: Image:0
2017-01-06 13:11:19,276 INFO  [    ome.formats.OMEROMetadataStoreClient] (2-thread-2) Handling # of containers: 9
2017-01-06 13:11:19,279 INFO  [         ome.security.basic.EventHandler] (l.Server-9)  Auth:	user=2,group=3,event=null(User),sess=66c77a61-ac93-4d6f-8cee-39147a85ec55
2017-01-06 13:11:19,281 INFO  [    ome.formats.OMEROMetadataStoreClient] (2-thread-2) Handling # of references: 3
2017-01-06 13:11:19,282 INFO  [         ome.security.basic.EventHandler] (l.Server-2)  Auth:	user=2,group=3,event=null(User),sess=66c77a61-ac93-4d6f-8cee-39147a85ec55
2017-01-06 13:11:19,292 INFO  [         ome.security.basic.EventHandler] (l.Server-6)  Auth:	user=2,group=3,event=1177(User),sess=66c77a61-ac93-4d6f-8cee-39147a85ec55
2017-01-06 13:11:19,300 INFO  [       ome.security.basic.CurrentDetails] (l.Server-6) Adding log:INSERT,class ome.model.acquisition.Instrument,6
2017-01-06 13:11:19,301 INFO  [       ome.security.basic.CurrentDetails] (l.Server-6) Adding log:INSERT,class ome.model.acquisition.Detector,6
2017-01-06 13:11:19,302 INFO  [       ome.security.basic.CurrentDetails] (l.Server-6) Adding log:INSERT,class ome.model.acquisition.Objective,6
2017-01-06 13:11:19,302 INFO  [       ome.security.basic.CurrentDetails] (l.Server-6) Adding log:INSERT,class ome.model.acquisition.ObjectiveSettings,6
2017-01-06 13:11:19,303 INFO  [       ome.security.basic.CurrentDetails] (l.Server-6) Adding log:INSERT,class ome.model.core.Image,7
2017-01-06 13:11:19,304 INFO  [       ome.security.basic.CurrentDetails] (l.Server-6) Adding log:INSERT,class ome.model.containers.DatasetImageLink,7
2017-01-06 13:11:19,304 INFO  [       ome.security.basic.CurrentDetails] (l.Server-6) Adding log:INSERT,class ome.model.core.Pixels,7
2017-01-06 13:11:19,305 INFO  [       ome.security.basic.CurrentDetails] (l.Server-6) Adding log:INSERT,class ome.model.acquisition.DetectorSettings,6
2017-01-06 13:11:19,306 INFO  [       ome.security.basic.CurrentDetails] (l.Server-6) Adding log:INSERT,class ome.model.core.LogicalChannel,7
2017-01-06 13:11:19,307 INFO  [       ome.security.basic.CurrentDetails] (l.Server-6) Adding log:INSERT,class ome.model.core.Channel,7
2017-01-06 13:11:19,318 INFO  [         ome.security.basic.EventHandler] (l.Server-7)  Auth:	user=2,group=3,event=null(User),sess=66c77a61-ac93-4d6f-8cee-39147a85ec55
2017-01-06 13:11:19,328 INFO  [         ome.security.basic.EventHandler] (l.Server-1)  Auth:	user=2,group=3,event=1178(User),sess=66c77a61-ac93-4d6f-8cee-39147a85ec55
2017-01-06 13:11:19,331 INFO  [       ome.security.basic.CurrentDetails] (l.Server-1) Adding log:UPDATE,class ome.model.core.OriginalFile,192
2017-01-06 13:11:19,333 DEBUG [    o.s.blitz.repo.ManagedImportRequestI] (2-thread-2) Step 1
2017-01-06 13:11:19,333 DEBUG [    o.s.blitz.repo.ManagedImportRequestI] (2-thread-2) Plane:0 X:0 Y:0 TileWidth:600 TileHeight:600 arrayBuf.length:720000
2017-01-06 13:11:19,345 DEBUG [    o.s.blitz.repo.ManagedImportRequestI] (2-thread-2) Plane:1 X:0 Y:0 TileWidth:600 TileHeight:600 arrayBuf.length:720000
2017-01-06 13:11:19,355 DEBUG [    o.s.blitz.repo.ManagedImportRequestI] (2-thread-2) Plane:2 X:0 Y:0 TileWidth:600 TileHeight:600 arrayBuf.length:720000
2017-01-06 13:11:19,366 DEBUG [    o.s.blitz.repo.ManagedImportRequestI] (2-thread-2) Plane:3 X:0 Y:0 TileWidth:600 TileHeight:600 arrayBuf.length:720000
2017-01-06 13:11:19,376 DEBUG [    o.s.blitz.repo.ManagedImportRequestI] (2-thread-2) Plane:4 X:0 Y:0 TileWidth:600 TileHeight:600 arrayBuf.length:720000
2017-01-06 13:11:19,386 DEBUG [    o.s.blitz.repo.ManagedImportRequestI] (2-thread-2) Plane:5 X:0 Y:0 TileWidth:600 TileHeight:600 arrayBuf.length:720000
2017-01-06 13:11:19,397 DEBUG [    o.s.blitz.repo.ManagedImportRequestI] (2-thread-2) Plane:6 X:0 Y:0 TileWidth:600 TileHeight:600 arrayBuf.length:720000
2017-01-06 13:11:19,407 DEBUG [    o.s.blitz.repo.ManagedImportRequestI] (2-thread-2) Plane:7 X:0 Y:0 TileWidth:600 TileHeight:600 arrayBuf.length:720000
2017-01-06 13:11:19,417 DEBUG [    o.s.blitz.repo.ManagedImportRequestI] (2-thread-2) Plane:8 X:0 Y:0 TileWidth:600 TileHeight:600 arrayBuf.length:720000
2017-01-06 13:11:19,428 DEBUG [    o.s.blitz.repo.ManagedImportRequestI] (2-thread-2) Plane:9 X:0 Y:0 TileWidth:600 TileHeight:600 arrayBuf.length:720000
2017-01-06 13:11:19,438 DEBUG [    o.s.blitz.repo.ManagedImportRequestI] (2-thread-2) Plane:10 X:0 Y:0 TileWidth:600 TileHeight:600 arrayBuf.length:720000
2017-01-06 13:11:19,448 DEBUG [    o.s.blitz.repo.ManagedImportRequestI] (2-thread-2) Plane:11 X:0 Y:0 TileWidth:600 TileHeight:600 arrayBuf.length:720000
2017-01-06 13:11:19,459 DEBUG [    o.s.blitz.repo.ManagedImportRequestI] (2-thread-2) Plane:12 X:0 Y:0 TileWidth:600 TileHeight:600 arrayBuf.length:720000
2017-01-06 13:11:19,469 DEBUG [    o.s.blitz.repo.ManagedImportRequestI] (2-thread-2) Plane:13 X:0 Y:0 TileWidth:600 TileHeight:600 arrayBuf.length:720000
2017-01-06 13:11:19,480 DEBUG [    o.s.blitz.repo.ManagedImportRequestI] (2-thread-2) Plane:14 X:0 Y:0 TileWidth:600 TileHeight:600 arrayBuf.length:720000
2017-01-06 13:11:19,490 DEBUG [    o.s.blitz.repo.ManagedImportRequestI] (2-thread-2) Plane:15 X:0 Y:0 TileWidth:600 TileHeight:600 arrayBuf.length:720000
2017-01-06 13:11:19,500 DEBUG [    o.s.blitz.repo.ManagedImportRequestI] (2-thread-2) Plane:16 X:0 Y:0 TileWidth:600 TileHeight:600 arrayBuf.length:720000
2017-01-06 13:11:19,511 DEBUG [    o.s.blitz.repo.ManagedImportRequestI] (2-thread-2) Plane:17 X:0 Y:0 TileWidth:600 TileHeight:600 arrayBuf.length:720000
2017-01-06 13:11:19,521 DEBUG [    o.s.blitz.repo.ManagedImportRequestI] (2-thread-2) Plane:18 X:0 Y:0 TileWidth:600 TileHeight:600 arrayBuf.length:720000
2017-01-06 13:11:19,532 DEBUG [    o.s.blitz.repo.ManagedImportRequestI] (2-thread-2) Plane:19 X:0 Y:0 TileWidth:600 TileHeight:600 arrayBuf.length:720000
2017-01-06 13:11:19,543 DEBUG [    o.s.blitz.repo.ManagedImportRequestI] (2-thread-2) Plane:20 X:0 Y:0 TileWidth:600 TileHeight:600 arrayBuf.length:720000
2017-01-06 13:11:19,553 DEBUG [    o.s.blitz.repo.ManagedImportRequestI] (2-thread-2) Plane:21 X:0 Y:0 TileWidth:600 TileHeight:600 arrayBuf.length:720000
2017-01-06 13:11:19,564 DEBUG [    o.s.blitz.repo.ManagedImportRequestI] (2-thread-2) Plane:22 X:0 Y:0 TileWidth:600 TileHeight:600 arrayBuf.length:720000
2017-01-06 13:11:19,574 DEBUG [    o.s.blitz.repo.ManagedImportRequestI] (2-thread-2) Plane:23 X:0 Y:0 TileWidth:600 TileHeight:600 arrayBuf.length:720000
2017-01-06 13:11:19,584 DEBUG [    o.s.blitz.repo.ManagedImportRequestI] (2-thread-2) Plane:24 X:0 Y:0 TileWidth:600 TileHeight:600 arrayBuf.length:720000
2017-01-06 13:11:19,595 DEBUG [    o.s.blitz.repo.ManagedImportRequestI] (2-thread-2) Plane:25 X:0 Y:0 TileWidth:600 TileHeight:600 arrayBuf.length:720000
2017-01-06 13:11:19,605 DEBUG [    o.s.blitz.repo.ManagedImportRequestI] (2-thread-2) Plane:26 X:0 Y:0 TileWidth:600 TileHeight:600 arrayBuf.length:720000
2017-01-06 13:11:19,616 DEBUG [    o.s.blitz.repo.ManagedImportRequestI] (2-thread-2) Plane:27 X:0 Y:0 TileWidth:600 TileHeight:600 arrayBuf.length:720000
2017-01-06 13:11:19,626 DEBUG [    o.s.blitz.repo.ManagedImportRequestI] (2-thread-2) Plane:28 X:0 Y:0 TileWidth:600 TileHeight:600 arrayBuf.length:720000
2017-01-06 13:11:19,636 DEBUG [    o.s.blitz.repo.ManagedImportRequestI] (2-thread-2) Plane:29 X:0 Y:0 TileWidth:600 TileHeight:600 arrayBuf.length:720000
2017-01-06 13:11:19,646 DEBUG [    o.s.blitz.repo.ManagedImportRequestI] (2-thread-2) Plane:30 X:0 Y:0 TileWidth:600 TileHeight:600 arrayBuf.length:720000
2017-01-06 13:11:19,657 DEBUG [    o.s.blitz.repo.ManagedImportRequestI] (2-thread-2) Plane:31 X:0 Y:0 TileWidth:600 TileHeight:600 arrayBuf.length:720000
2017-01-06 13:11:19,667 DEBUG [    o.s.blitz.repo.ManagedImportRequestI] (2-thread-2) Plane:32 X:0 Y:0 TileWidth:600 TileHeight:600 arrayBuf.length:720000
2017-01-06 13:11:19,677 DEBUG [    o.s.blitz.repo.ManagedImportRequestI] (2-thread-2) Plane:33 X:0 Y:0 TileWidth:600 TileHeight:600 arrayBuf.length:720000
2017-01-06 13:11:19,687 DEBUG [    o.s.blitz.repo.ManagedImportRequestI] (2-thread-2) Plane:34 X:0 Y:0 TileWidth:600 TileHeight:600 arrayBuf.length:720000
2017-01-06 13:11:19,698 DEBUG [    o.s.blitz.repo.ManagedImportRequestI] (2-thread-2) Plane:35 X:0 Y:0 TileWidth:600 TileHeight:600 arrayBuf.length:720000
2017-01-06 13:11:19,708 DEBUG [    o.s.blitz.repo.ManagedImportRequestI] (2-thread-2) Plane:36 X:0 Y:0 TileWidth:600 TileHeight:600 arrayBuf.length:720000
2017-01-06 13:11:19,718 DEBUG [    o.s.blitz.repo.ManagedImportRequestI] (2-thread-2) Plane:37 X:0 Y:0 TileWidth:600 TileHeight:600 arrayBuf.length:720000
2017-01-06 13:11:19,729 DEBUG [    o.s.blitz.repo.ManagedImportRequestI] (2-thread-2) Plane:38 X:0 Y:0 TileWidth:600 TileHeight:600 arrayBuf.length:720000
2017-01-06 13:11:19,739 DEBUG [    o.s.blitz.repo.ManagedImportRequestI] (2-thread-2) Plane:39 X:0 Y:0 TileWidth:600 TileHeight:600 arrayBuf.length:720000
2017-01-06 13:11:19,749 DEBUG [    o.s.blitz.repo.ManagedImportRequestI] (2-thread-2) Plane:40 X:0 Y:0 TileWidth:600 TileHeight:600 arrayBuf.length:720000
2017-01-06 13:11:19,759 DEBUG [    o.s.blitz.repo.ManagedImportRequestI] (2-thread-2) Plane:41 X:0 Y:0 TileWidth:600 TileHeight:600 arrayBuf.length:720000
2017-01-06 13:11:19,770 DEBUG [    o.s.blitz.repo.ManagedImportRequestI] (2-thread-2) Plane:42 X:0 Y:0 TileWidth:600 TileHeight:600 arrayBuf.length:720000
2017-01-06 13:11:19,780 DEBUG [    o.s.blitz.repo.ManagedImportRequestI] (2-thread-2) Plane:43 X:0 Y:0 TileWidth:600 TileHeight:600 arrayBuf.length:720000
2017-01-06 13:11:19,790 DEBUG [    o.s.blitz.repo.ManagedImportRequestI] (2-thread-2) Plane:44 X:0 Y:0 TileWidth:600 TileHeight:600 arrayBuf.length:720000
2017-01-06 13:11:19,800 DEBUG [    o.s.blitz.repo.ManagedImportRequestI] (2-thread-2) Plane:45 X:0 Y:0 TileWidth:600 TileHeight:600 arrayBuf.length:720000
2017-01-06 13:11:19,811 DEBUG [    o.s.blitz.repo.ManagedImportRequestI] (2-thread-2) Plane:46 X:0 Y:0 TileWidth:600 TileHeight:600 arrayBuf.length:720000
2017-01-06 13:11:19,821 DEBUG [    o.s.blitz.repo.ManagedImportRequestI] (2-thread-2) Plane:47 X:0 Y:0 TileWidth:600 TileHeight:600 arrayBuf.length:720000
2017-01-06 13:11:19,832 DEBUG [    o.s.blitz.repo.ManagedImportRequestI] (2-thread-2) Plane:48 X:0 Y:0 TileWidth:600 TileHeight:600 arrayBuf.length:720000
2017-01-06 13:11:19,842 DEBUG [    o.s.blitz.repo.ManagedImportRequestI] (2-thread-2) Plane:49 X:0 Y:0 TileWidth:600 TileHeight:600 arrayBuf.length:720000
2017-01-06 13:11:19,852 DEBUG [    o.s.blitz.repo.ManagedImportRequestI] (2-thread-2) Plane:50 X:0 Y:0 TileWidth:600 TileHeight:600 arrayBuf.length:720000
2017-01-06 13:11:19,862 DEBUG [    o.s.blitz.repo.ManagedImportRequestI] (2-thread-2) Plane:51 X:0 Y:0 TileWidth:600 TileHeight:600 arrayBuf.length:720000
2017-01-06 13:11:19,873 DEBUG [    o.s.blitz.repo.ManagedImportRequestI] (2-thread-2) Plane:52 X:0 Y:0 TileWidth:600 TileHeight:600 arrayBuf.length:720000
2017-01-06 13:11:19,883 DEBUG [    o.s.blitz.repo.ManagedImportRequestI] (2-thread-2) Plane:53 X:0 Y:0 TileWidth:600 TileHeight:600 arrayBuf.length:720000
2017-01-06 13:11:19,893 DEBUG [    o.s.blitz.repo.ManagedImportRequestI] (2-thread-2) Plane:54 X:0 Y:0 TileWidth:600 TileHeight:600 arrayBuf.length:720000
2017-01-06 13:11:19,904 DEBUG [    o.s.blitz.repo.ManagedImportRequestI] (2-thread-2) Plane:55 X:0 Y:0 TileWidth:600 TileHeight:600 arrayBuf.length:720000
2017-01-06 13:11:19,914 DEBUG [    o.s.blitz.repo.ManagedImportRequestI] (2-thread-2) Plane:56 X:0 Y:0 TileWidth:600 TileHeight:600 arrayBuf.length:720000
2017-01-06 13:11:19,924 DEBUG [    o.s.blitz.repo.ManagedImportRequestI] (2-thread-2) Plane:57 X:0 Y:0 TileWidth:600 TileHeight:600 arrayBuf.length:720000
2017-01-06 13:11:19,935 DEBUG [    o.s.blitz.repo.ManagedImportRequestI] (2-thread-2) Plane:58 X:0 Y:0 TileWidth:600 TileHeight:600 arrayBuf.length:720000
2017-01-06 13:11:19,945 DEBUG [    o.s.blitz.repo.ManagedImportRequestI] (2-thread-2) Plane:59 X:0 Y:0 TileWidth:600 TileHeight:600 arrayBuf.length:720000
2017-01-06 13:11:19,955 DEBUG [    o.s.blitz.repo.ManagedImportRequestI] (2-thread-2) Plane:60 X:0 Y:0 TileWidth:600 TileHeight:600 arrayBuf.length:720000
2017-01-06 13:11:19,965 DEBUG [    o.s.blitz.repo.ManagedImportRequestI] (2-thread-2) Plane:61 X:0 Y:0 TileWidth:600 TileHeight:600 arrayBuf.length:720000
2017-01-06 13:11:19,976 DEBUG [    o.s.blitz.repo.ManagedImportRequestI] (2-thread-2) Plane:62 X:0 Y:0 TileWidth:600 TileHeight:600 arrayBuf.length:720000
2017-01-06 13:11:19,986 DEBUG [    o.s.blitz.repo.ManagedImportRequestI] (2-thread-2) Plane:63 X:0 Y:0 TileWidth:600 TileHeight:600 arrayBuf.length:720000
2017-01-06 13:11:19,996 DEBUG [    o.s.blitz.repo.ManagedImportRequestI] (2-thread-2) Plane:64 X:0 Y:0 TileWidth:600 TileHeight:600 arrayBuf.length:720000
2017-01-06 13:11:20,007 DEBUG [    o.s.blitz.repo.ManagedImportRequestI] (2-thread-2) Plane:65 X:0 Y:0 TileWidth:600 TileHeight:600 arrayBuf.length:720000
2017-01-06 13:11:20,029 INFO  [         ome.security.basic.EventHandler] (l.Server-4)  Auth:	user=2,group=3,event=1179(User),sess=66c77a61-ac93-4d6f-8cee-39147a85ec55
2017-01-06 13:11:20,045 INFO  [         ome.security.basic.EventHandler] (l.Server-3)  Auth:	user=2,group=3,event=1180(User),sess=66c77a61-ac93-4d6f-8cee-39147a85ec55
2017-01-06 13:11:20,226 INFO  [       ome.security.basic.CurrentDetails] (l.Server-3) Adding log:UPDATE,class ome.model.core.Pixels,7
2017-01-06 13:11:20,245 INFO  [         ome.security.basic.EventHandler] (l.Server-8)  Auth:	user=2,group=3,event=1181(User),sess=66c77a61-ac93-4d6f-8cee-39147a85ec55
2017-01-06 13:11:20,253 INFO  [         ome.security.basic.EventHandler] (l.Server-0)  Auth:	user=2,group=3,event=null(User),sess=66c77a61-ac93-4d6f-8cee-39147a85ec55
2017-01-06 13:11:20,272 INFO  [         ome.security.basic.EventHandler] (l.Server-9)  Auth:	user=2,group=3,event=1182(User),sess=66c77a61-ac93-4d6f-8cee-39147a85ec55
2017-01-06 13:11:20,277 INFO  [       ome.security.basic.CurrentDetails] (l.Server-9) Adding log:UPDATE,class ome.model.core.OriginalFile,192
2017-01-06 13:11:20,281 DEBUG [    o.s.blitz.repo.ManagedImportRequestI] (2-thread-2) Step 2
2017-01-06 13:11:20,294 INFO  [         ome.security.basic.EventHandler] (l.Server-2)  Auth:	user=2,group=3,event=1183(User),sess=66c77a61-ac93-4d6f-8cee-39147a85ec55
2017-01-06 13:11:20,331 DEBUG [                   loci.formats.Memoizer] (l.Server-2) loaded memo file: /OMERO/OMERO.data/BioFormatsCache/OMERO/OMERO.data/ManagedRepository/public_data_2/2017-01/06/13-11-17.441/.img0005.ipm.bfmemo (35636 bytes)
2017-01-06 13:11:20,331 DEBUG [                   loci.formats.Memoizer] (l.Server-2) start[1483708280312] time[19] tag[loci.formats.Memoizer.loadMemo]
2017-01-06 13:11:20,332 DEBUG [                   loci.formats.Memoizer] (l.Server-2) start[1483708280311] time[20] tag[loci.formats.Memoizer.setId]
2017-01-06 13:11:20,335 INFO  [       ome.security.basic.CurrentDetails] (l.Server-2) Adding log:INSERT,class ome.model.display.QuantumDef,7
2017-01-06 13:11:20,336 INFO  [       ome.security.basic.CurrentDetails] (l.Server-2) Adding log:INSERT,class ome.model.display.RenderingDef,7
2017-01-06 13:11:20,337 INFO  [       ome.security.basic.CurrentDetails] (l.Server-2) Adding log:INSERT,class ome.model.display.ChannelBinding,7
2017-01-06 13:11:20,352 INFO  [         ome.security.basic.EventHandler] (l.Server-6)  Auth:	user=2,group=3,event=1184(User),sess=66c77a61-ac93-4d6f-8cee-39147a85ec55
2017-01-06 13:11:20,361 INFO  [       ome.security.basic.CurrentDetails] (l.Server-6) Adding log:INSERT,class ome.model.display.Thumbnail,7
2017-01-06 13:11:20,407 DEBUG [                   loci.formats.Memoizer] (l.Server-6) loaded memo file: /OMERO/OMERO.data/BioFormatsCache/OMERO/OMERO.data/ManagedRepository/public_data_2/2017-01/06/13-11-17.441/.img0005.ipm.bfmemo (35636 bytes)
2017-01-06 13:11:20,407 DEBUG [                   loci.formats.Memoizer] (l.Server-6) start[1483708280388] time[19] tag[loci.formats.Memoizer.loadMemo]
2017-01-06 13:11:20,408 DEBUG [                   loci.formats.Memoizer] (l.Server-6) start[1483708280387] time[20] tag[loci.formats.Memoizer.setId]
2017-01-06 13:11:20,416 INFO  [       ome.logic.JavaImageScalingService] (l.Server-6) Scaling to: 96x96
2017-01-06 13:11:20,429 INFO  [       ome.security.basic.CurrentDetails] (l.Server-6) Adding log:UPDATE,class ome.model.display.Thumbnail,7
2017-01-06 13:11:20,433 INFO  [         ome.security.basic.EventHandler] (l.Server-7)  Auth:	user=2,group=3,event=null(User),sess=66c77a61-ac93-4d6f-8cee-39147a85ec55
2017-01-06 13:11:20,443 INFO  [         ome.security.basic.EventHandler] (l.Server-1)  Auth:	user=2,group=3,event=1185(User),sess=66c77a61-ac93-4d6f-8cee-39147a85ec55
2017-01-06 13:11:20,448 INFO  [       ome.security.basic.CurrentDetails] (l.Server-1) Adding log:UPDATE,class ome.model.core.OriginalFile,192
2017-01-06 13:11:20,452 DEBUG [    o.s.blitz.repo.ManagedImportRequestI] (2-thread-2) Step 3
2017-01-06 13:11:20,453 INFO  [         ome.security.basic.EventHandler] (l.Server-4)  Auth:	user=2,group=3,event=null(User),sess=66c77a61-ac93-4d6f-8cee-39147a85ec55
2017-01-06 13:11:20,458 INFO  [         ome.security.basic.EventHandler] (l.Server-5)  Auth:	user=2,group=3,event=null(User),sess=66c77a61-ac93-4d6f-8cee-39147a85ec55
2017-01-06 13:11:20,475 INFO  [         ome.security.basic.EventHandler] (l.Server-3)  Auth:	user=2,group=3,event=1186(User),sess=66c77a61-ac93-4d6f-8cee-39147a85ec55
2017-01-06 13:11:20,481 INFO  [       ome.security.basic.CurrentDetails] (l.Server-3) Adding log:UPDATE,class ome.model.core.OriginalFile,192
2017-01-06 13:11:20,485 DEBUG [    o.s.blitz.repo.ManagedImportRequestI] (2-thread-2) Step 4
2017-01-06 13:11:20,487 INFO  [         ome.security.basic.EventHandler] (l.Server-8)  Auth:	user=2,group=3,event=null(User),sess=66c77a61-ac93-4d6f-8cee-39147a85ec55
2017-01-06 13:11:20,505 INFO  [         ome.security.basic.EventHandler] (l.Server-0)  Auth:	user=2,group=3,event=1187(User),sess=66c77a61-ac93-4d6f-8cee-39147a85ec55
2017-01-06 13:11:20,510 INFO  [       ome.security.basic.CurrentDetails] (l.Server-0) Adding log:UPDATE,class ome.model.core.OriginalFile,192
2017-01-06 13:11:20,529 INFO  [         ome.security.basic.EventHandler] (l.Server-9)  Auth:	user=2,group=3,event=1188(User),sess=66c77a61-ac93-4d6f-8cee-39147a85ec55
2017-01-06 13:11:20,531 DEBUG [                omero.util.ServantHolder] (l.Server-9) Removed omero.api._RawFileStoreTie@c83888b4 from omero.util.ServantHolder@493adf04 as bf971d84-9636-4814-8cdd-5ed2547739aeomero.api.RawFileStore
2017-01-06 13:11:20,531 INFO  [                      omero.cmd.SessionI] (l.Server-9) Unregistered servant:66c77a61-ac93-4d6f-8cee-39147a85ec55/bf971d84-9636-4814-8cdd-5ed2547739aeomero.api.RawFileStore(omero.api._RawFileStoreTie@c83888b4)
2017-01-06 13:11:20,541 INFO  [         ome.security.basic.EventHandler] (l.Server-2)  Auth:	user=2,group=3,event=1189(User),sess=66c77a61-ac93-4d6f-8cee-39147a85ec55
2017-01-06 13:11:20,543 DEBUG [                omero.util.ServantHolder] (l.Server-2) Removed omero.api._RawPixelsStoreTie@113b6870 from omero.util.ServantHolder@493adf04 as 3e197f0f-2547-4083-b4bd-003e3876e5c5omero.api.RawPixelsStore
2017-01-06 13:11:20,543 INFO  [                      omero.cmd.SessionI] (l.Server-2) Unregistered servant:66c77a61-ac93-4d6f-8cee-39147a85ec55/3e197f0f-2547-4083-b4bd-003e3876e5c5omero.api.RawPixelsStore(omero.api._RawPixelsStoreTie@113b6870)
2017-01-06 13:11:20,545 INFO  [         ome.security.basic.EventHandler] (l.Server-6)  Auth:	user=2,group=3,event=null(User),sess=66c77a61-ac93-4d6f-8cee-39147a85ec55
2017-01-06 13:11:20,561 DEBUG [                   loci.formats.Memoizer] (l.Server-6) loaded memo file: /OMERO/OMERO.data/BioFormatsCache/OMERO/OMERO.data/ManagedRepository/public_data_2/2017-01/06/13-11-17.441/.img0005.ipm.bfmemo (35636 bytes)
2017-01-06 13:11:20,562 DEBUG [                   loci.formats.Memoizer] (l.Server-6) start[1483708280546] time[15] tag[loci.formats.Memoizer.loadMemo]
2017-01-06 13:11:20,562 DEBUG [                   loci.formats.Memoizer] (l.Server-6) start[1483708280546] time[16] tag[loci.formats.Memoizer.setId]
2017-01-06 13:11:20,563 DEBUG [                omero.util.ServantHolder] (l.Server-6) Removed omero.api._ThumbnailStoreTie@f54656fe from omero.util.ServantHolder@493adf04 as a717309e-e1d1-42c9-8108-4e8047991940omero.api.ThumbnailStore
2017-01-06 13:11:20,563 INFO  [                      omero.cmd.SessionI] (l.Server-6) Unregistered servant:66c77a61-ac93-4d6f-8cee-39147a85ec55/a717309e-e1d1-42c9-8108-4e8047991940omero.api.ThumbnailStore(omero.api._ThumbnailStoreTie@f54656fe)
2017-01-06 13:11:20,564 DEBUG [                omero.util.ServantHolder] (l.Server-7) Removed omero.api._MetadataStoreTie@d08e08ce from omero.util.ServantHolder@493adf04 as 828bdfae-f765-4bc0-8668-f0af67a6e2faomero.api.MetadataStore
2017-01-06 13:11:20,564 INFO  [                      omero.cmd.SessionI] (l.Server-7) Unregistered servant:66c77a61-ac93-4d6f-8cee-39147a85ec55/828bdfae-f765-4bc0-8668-f0af67a6e2faomero.api.MetadataStore(omero.api._MetadataStoreTie@d08e08ce)
2017-01-06 13:11:20,564 INFO  [    o.s.blitz.repo.ManagedImportRequestI] (2-thread-2) Finalizing log file.
