2017-01-06 13:11:26,073 INFO  [    ome.formats.OMEROMetadataStoreClient] (2-thread-4) Call context: {omero.logfilename:public_data_2/2017-01/06/13-11-24.066.log}
2017-01-06 13:11:26,079 INFO  [         ome.security.basic.EventHandler] (l.Server-9)  Auth:	user=2,group=3,event=null(User),sess=3b038107-f0a9-4ccb-a848-7368a42ead7b
2017-01-06 13:11:26,105 INFO  [                loci.formats.ImageReader] (2-thread-4) IvisionReader initializing /OMERO/OMERO.data/ManagedRepository/public_data_2/2017-01/06/13-11-24.066/img0006.ipm
2017-01-06 13:11:26,105 INFO  [              loci.formats.FormatHandler] (2-thread-4) Populating metadata
2017-01-06 13:11:26,105 INFO  [              loci.formats.FormatHandler] (2-thread-4) Looking for XML metadata
2017-01-06 13:11:26,105 INFO  [              loci.formats.FormatHandler] (2-thread-4) Populating core metadata
2017-01-06 13:11:26,105 INFO  [              loci.formats.FormatHandler] (2-thread-4) Populating MetadataStore
2017-01-06 13:11:26,108 INFO  [         ome.security.basic.EventHandler] (l.Server-2)  Auth:	user=2,group=3,event=null(User),sess=3b038107-f0a9-4ccb-a848-7368a42ead7b
2017-01-06 13:11:26,111 INFO  [         ome.security.basic.EventHandler] (l.Server-6)  Auth:	user=2,group=3,event=null(User),sess=3b038107-f0a9-4ccb-a848-7368a42ead7b
2017-01-06 13:11:26,115 INFO  [         ome.security.basic.EventHandler] (l.Server-7)  Auth:	user=2,group=3,event=null(User),sess=3b038107-f0a9-4ccb-a848-7368a42ead7b
2017-01-06 13:11:26,118 INFO  [         ome.security.basic.EventHandler] (l.Server-4)  Auth:	user=2,group=3,event=null(User),sess=3b038107-f0a9-4ccb-a848-7368a42ead7b
2017-01-06 13:11:26,129 INFO  [         ome.security.basic.EventHandler] (l.Server-0)  Auth:	user=2,group=3,event=null(User),sess=3b038107-f0a9-4ccb-a848-7368a42ead7b
2017-01-06 13:11:26,134 INFO  [         ome.security.basic.EventHandler] (l.Server-5)  Auth:	user=2,group=3,event=null(User),sess=3b038107-f0a9-4ccb-a848-7368a42ead7b
2017-01-06 13:11:26,139 INFO  [         ome.security.basic.EventHandler] (l.Server-3)  Auth:	user=2,group=3,event=null(User),sess=3b038107-f0a9-4ccb-a848-7368a42ead7b
2017-01-06 13:11:26,144 INFO  [         ome.security.basic.EventHandler] (l.Server-8)  Auth:	user=2,group=3,event=null(User),sess=3b038107-f0a9-4ccb-a848-7368a42ead7b
2017-01-06 13:11:26,145 WARN  [    ome.formats.enums.IQueryEnumProvider] (2-thread-4) Enumeration 'Other' does not exist in 'class omero.model.Binning' returning 'null'
2017-01-06 13:11:26,164 DEBUG [                   loci.formats.Memoizer] (2-thread-4) saved to temp file: /OMERO/OMERO.data/BioFormatsCache/OMERO/OMERO.data/ManagedRepository/public_data_2/2017-01/06/13-11-24.066/.img0006.ipm.bfmemo4813724533125923907
2017-01-06 13:11:26,164 DEBUG [                   loci.formats.Memoizer] (2-thread-4) start[1483708286149] time[15] tag[loci.formats.Memoizer.saveMemo]
2017-01-06 13:11:26,164 DEBUG [                   loci.formats.Memoizer] (2-thread-4) saved memo file: /OMERO/OMERO.data/BioFormatsCache/OMERO/OMERO.data/ManagedRepository/public_data_2/2017-01/06/13-11-24.066/.img0006.ipm.bfmemo (35636 bytes)
2017-01-06 13:11:26,165 DEBUG [                   loci.formats.Memoizer] (2-thread-4) start[1483708286102] time[62] tag[loci.formats.Memoizer.setId]
2017-01-06 13:11:26,165 DEBUG [    o.s.blitz.repo.ManagedImportRequestI] (2-thread-4) Image Count: 66
2017-01-06 13:11:26,165 INFO  [    o.s.blitz.repo.ManagedImportRequestI] (2-thread-4) File format: IVision
2017-01-06 13:11:26,165 INFO  [    o.s.blitz.repo.ManagedImportRequestI] (2-thread-4) Base reader: loci.formats.in.IvisionReader
2017-01-06 13:11:26,165 DEBUG [    o.s.blitz.repo.ManagedImportRequestI] (2-thread-4) Step 0
2017-01-06 13:11:26,165 WARN  [    ome.formats.model.ReferenceProcessor] (2-thread-4) Unknown target class for LSID: Image:0
2017-01-06 13:11:26,165 INFO  [    ome.formats.OMEROMetadataStoreClient] (2-thread-4) Handling # of containers: 9
2017-01-06 13:11:26,167 INFO  [         ome.security.basic.EventHandler] (l.Server-9)  Auth:	user=2,group=3,event=null(User),sess=3b038107-f0a9-4ccb-a848-7368a42ead7b
2017-01-06 13:11:26,168 INFO  [    ome.formats.OMEROMetadataStoreClient] (2-thread-4) Handling # of references: 3
2017-01-06 13:11:26,169 INFO  [         ome.security.basic.EventHandler] (l.Server-2)  Auth:	user=2,group=3,event=null(User),sess=3b038107-f0a9-4ccb-a848-7368a42ead7b
2017-01-06 13:11:26,183 INFO  [         ome.security.basic.EventHandler] (l.Server-6)  Auth:	user=2,group=3,event=1209(User),sess=3b038107-f0a9-4ccb-a848-7368a42ead7b
2017-01-06 13:11:26,190 INFO  [       ome.security.basic.CurrentDetails] (l.Server-6) Adding log:INSERT,class ome.model.acquisition.Instrument,7
2017-01-06 13:11:26,190 INFO  [       ome.security.basic.CurrentDetails] (l.Server-6) Adding log:INSERT,class ome.model.acquisition.Detector,7
2017-01-06 13:11:26,191 INFO  [       ome.security.basic.CurrentDetails] (l.Server-6) Adding log:INSERT,class ome.model.acquisition.Objective,7
2017-01-06 13:11:26,191 INFO  [       ome.security.basic.CurrentDetails] (l.Server-6) Adding log:INSERT,class ome.model.acquisition.ObjectiveSettings,7
2017-01-06 13:11:26,192 INFO  [       ome.security.basic.CurrentDetails] (l.Server-6) Adding log:INSERT,class ome.model.core.Image,8
2017-01-06 13:11:26,192 INFO  [       ome.security.basic.CurrentDetails] (l.Server-6) Adding log:INSERT,class ome.model.containers.DatasetImageLink,8
2017-01-06 13:11:26,193 INFO  [       ome.security.basic.CurrentDetails] (l.Server-6) Adding log:INSERT,class ome.model.core.Pixels,8
2017-01-06 13:11:26,194 INFO  [       ome.security.basic.CurrentDetails] (l.Server-6) Adding log:INSERT,class ome.model.acquisition.DetectorSettings,7
2017-01-06 13:11:26,194 INFO  [       ome.security.basic.CurrentDetails] (l.Server-6) Adding log:INSERT,class ome.model.core.LogicalChannel,8
2017-01-06 13:11:26,195 INFO  [       ome.security.basic.CurrentDetails] (l.Server-6) Adding log:INSERT,class ome.model.core.Channel,8
2017-01-06 13:11:26,214 INFO  [         ome.security.basic.EventHandler] (l.Server-7)  Auth:	user=2,group=3,event=null(User),sess=3b038107-f0a9-4ccb-a848-7368a42ead7b
2017-01-06 13:11:26,233 INFO  [         ome.security.basic.EventHandler] (l.Server-1)  Auth:	user=2,group=3,event=1210(User),sess=3b038107-f0a9-4ccb-a848-7368a42ead7b
2017-01-06 13:11:26,238 INFO  [       ome.security.basic.CurrentDetails] (l.Server-1) Adding log:UPDATE,class ome.model.core.OriginalFile,195
2017-01-06 13:11:26,242 DEBUG [    o.s.blitz.repo.ManagedImportRequestI] (2-thread-4) Step 1
2017-01-06 13:11:26,242 DEBUG [    o.s.blitz.repo.ManagedImportRequestI] (2-thread-4) Plane:0 X:0 Y:0 TileWidth:600 TileHeight:600 arrayBuf.length:720000
2017-01-06 13:11:26,255 DEBUG [    o.s.blitz.repo.ManagedImportRequestI] (2-thread-4) Plane:1 X:0 Y:0 TileWidth:600 TileHeight:600 arrayBuf.length:720000
2017-01-06 13:11:26,265 DEBUG [    o.s.blitz.repo.ManagedImportRequestI] (2-thread-4) Plane:2 X:0 Y:0 TileWidth:600 TileHeight:600 arrayBuf.length:720000
2017-01-06 13:11:26,275 DEBUG [    o.s.blitz.repo.ManagedImportRequestI] (2-thread-4) Plane:3 X:0 Y:0 TileWidth:600 TileHeight:600 arrayBuf.length:720000
2017-01-06 13:11:26,286 DEBUG [    o.s.blitz.repo.ManagedImportRequestI] (2-thread-4) Plane:4 X:0 Y:0 TileWidth:600 TileHeight:600 arrayBuf.length:720000
2017-01-06 13:11:26,296 DEBUG [    o.s.blitz.repo.ManagedImportRequestI] (2-thread-4) Plane:5 X:0 Y:0 TileWidth:600 TileHeight:600 arrayBuf.length:720000
2017-01-06 13:11:26,306 DEBUG [    o.s.blitz.repo.ManagedImportRequestI] (2-thread-4) Plane:6 X:0 Y:0 TileWidth:600 TileHeight:600 arrayBuf.length:720000
2017-01-06 13:11:26,317 DEBUG [    o.s.blitz.repo.ManagedImportRequestI] (2-thread-4) Plane:7 X:0 Y:0 TileWidth:600 TileHeight:600 arrayBuf.length:720000
2017-01-06 13:11:26,327 DEBUG [    o.s.blitz.repo.ManagedImportRequestI] (2-thread-4) Plane:8 X:0 Y:0 TileWidth:600 TileHeight:600 arrayBuf.length:720000
2017-01-06 13:11:26,337 DEBUG [    o.s.blitz.repo.ManagedImportRequestI] (2-thread-4) Plane:9 X:0 Y:0 TileWidth:600 TileHeight:600 arrayBuf.length:720000
2017-01-06 13:11:26,347 DEBUG [    o.s.blitz.repo.ManagedImportRequestI] (2-thread-4) Plane:10 X:0 Y:0 TileWidth:600 TileHeight:600 arrayBuf.length:720000
2017-01-06 13:11:26,358 DEBUG [    o.s.blitz.repo.ManagedImportRequestI] (2-thread-4) Plane:11 X:0 Y:0 TileWidth:600 TileHeight:600 arrayBuf.length:720000
2017-01-06 13:11:26,368 DEBUG [    o.s.blitz.repo.ManagedImportRequestI] (2-thread-4) Plane:12 X:0 Y:0 TileWidth:600 TileHeight:600 arrayBuf.length:720000
2017-01-06 13:11:26,378 DEBUG [    o.s.blitz.repo.ManagedImportRequestI] (2-thread-4) Plane:13 X:0 Y:0 TileWidth:600 TileHeight:600 arrayBuf.length:720000
2017-01-06 13:11:26,388 DEBUG [    o.s.blitz.repo.ManagedImportRequestI] (2-thread-4) Plane:14 X:0 Y:0 TileWidth:600 TileHeight:600 arrayBuf.length:720000
2017-01-06 13:11:26,398 DEBUG [    o.s.blitz.repo.ManagedImportRequestI] (2-thread-4) Plane:15 X:0 Y:0 TileWidth:600 TileHeight:600 arrayBuf.length:720000
2017-01-06 13:11:26,409 DEBUG [    o.s.blitz.repo.ManagedImportRequestI] (2-thread-4) Plane:16 X:0 Y:0 TileWidth:600 TileHeight:600 arrayBuf.length:720000
2017-01-06 13:11:26,419 DEBUG [    o.s.blitz.repo.ManagedImportRequestI] (2-thread-4) Plane:17 X:0 Y:0 TileWidth:600 TileHeight:600 arrayBuf.length:720000
2017-01-06 13:11:26,429 DEBUG [    o.s.blitz.repo.ManagedImportRequestI] (2-thread-4) Plane:18 X:0 Y:0 TileWidth:600 TileHeight:600 arrayBuf.length:720000
2017-01-06 13:11:26,439 DEBUG [    o.s.blitz.repo.ManagedImportRequestI] (2-thread-4) Plane:19 X:0 Y:0 TileWidth:600 TileHeight:600 arrayBuf.length:720000
2017-01-06 13:11:26,450 DEBUG [    o.s.blitz.repo.ManagedImportRequestI] (2-thread-4) Plane:20 X:0 Y:0 TileWidth:600 TileHeight:600 arrayBuf.length:720000
2017-01-06 13:11:26,460 DEBUG [    o.s.blitz.repo.ManagedImportRequestI] (2-thread-4) Plane:21 X:0 Y:0 TileWidth:600 TileHeight:600 arrayBuf.length:720000
2017-01-06 13:11:26,470 DEBUG [    o.s.blitz.repo.ManagedImportRequestI] (2-thread-4) Plane:22 X:0 Y:0 TileWidth:600 TileHeight:600 arrayBuf.length:720000
2017-01-06 13:11:26,480 DEBUG [    o.s.blitz.repo.ManagedImportRequestI] (2-thread-4) Plane:23 X:0 Y:0 TileWidth:600 TileHeight:600 arrayBuf.length:720000
2017-01-06 13:11:26,490 DEBUG [    o.s.blitz.repo.ManagedImportRequestI] (2-thread-4) Plane:24 X:0 Y:0 TileWidth:600 TileHeight:600 arrayBuf.length:720000
2017-01-06 13:11:26,501 DEBUG [    o.s.blitz.repo.ManagedImportRequestI] (2-thread-4) Plane:25 X:0 Y:0 TileWidth:600 TileHeight:600 arrayBuf.length:720000
2017-01-06 13:11:26,511 DEBUG [    o.s.blitz.repo.ManagedImportRequestI] (2-thread-4) Plane:26 X:0 Y:0 TileWidth:600 TileHeight:600 arrayBuf.length:720000
2017-01-06 13:11:26,521 DEBUG [    o.s.blitz.repo.ManagedImportRequestI] (2-thread-4) Plane:27 X:0 Y:0 TileWidth:600 TileHeight:600 arrayBuf.length:720000
2017-01-06 13:11:26,531 DEBUG [    o.s.blitz.repo.ManagedImportRequestI] (2-thread-4) Plane:28 X:0 Y:0 TileWidth:600 TileHeight:600 arrayBuf.length:720000
2017-01-06 13:11:26,541 DEBUG [    o.s.blitz.repo.ManagedImportRequestI] (2-thread-4) Plane:29 X:0 Y:0 TileWidth:600 TileHeight:600 arrayBuf.length:720000
2017-01-06 13:11:26,551 DEBUG [    o.s.blitz.repo.ManagedImportRequestI] (2-thread-4) Plane:30 X:0 Y:0 TileWidth:600 TileHeight:600 arrayBuf.length:720000
2017-01-06 13:11:26,562 DEBUG [    o.s.blitz.repo.ManagedImportRequestI] (2-thread-4) Plane:31 X:0 Y:0 TileWidth:600 TileHeight:600 arrayBuf.length:720000
2017-01-06 13:11:26,572 DEBUG [    o.s.blitz.repo.ManagedImportRequestI] (2-thread-4) Plane:32 X:0 Y:0 TileWidth:600 TileHeight:600 arrayBuf.length:720000
2017-01-06 13:11:26,582 DEBUG [    o.s.blitz.repo.ManagedImportRequestI] (2-thread-4) Plane:33 X:0 Y:0 TileWidth:600 TileHeight:600 arrayBuf.length:720000
2017-01-06 13:11:26,592 DEBUG [    o.s.blitz.repo.ManagedImportRequestI] (2-thread-4) Plane:34 X:0 Y:0 TileWidth:600 TileHeight:600 arrayBuf.length:720000
2017-01-06 13:11:26,603 DEBUG [    o.s.blitz.repo.ManagedImportRequestI] (2-thread-4) Plane:35 X:0 Y:0 TileWidth:600 TileHeight:600 arrayBuf.length:720000
2017-01-06 13:11:26,613 DEBUG [    o.s.blitz.repo.ManagedImportRequestI] (2-thread-4) Plane:36 X:0 Y:0 TileWidth:600 TileHeight:600 arrayBuf.length:720000
2017-01-06 13:11:26,623 DEBUG [    o.s.blitz.repo.ManagedImportRequestI] (2-thread-4) Plane:37 X:0 Y:0 TileWidth:600 TileHeight:600 arrayBuf.length:720000
2017-01-06 13:11:26,633 DEBUG [    o.s.blitz.repo.ManagedImportRequestI] (2-thread-4) Plane:38 X:0 Y:0 TileWidth:600 TileHeight:600 arrayBuf.length:720000
2017-01-06 13:11:26,643 DEBUG [    o.s.blitz.repo.ManagedImportRequestI] (2-thread-4) Plane:39 X:0 Y:0 TileWidth:600 TileHeight:600 arrayBuf.length:720000
2017-01-06 13:11:26,654 DEBUG [    o.s.blitz.repo.ManagedImportRequestI] (2-thread-4) Plane:40 X:0 Y:0 TileWidth:600 TileHeight:600 arrayBuf.length:720000
2017-01-06 13:11:26,664 DEBUG [    o.s.blitz.repo.ManagedImportRequestI] (2-thread-4) Plane:41 X:0 Y:0 TileWidth:600 TileHeight:600 arrayBuf.length:720000
2017-01-06 13:11:26,674 DEBUG [    o.s.blitz.repo.ManagedImportRequestI] (2-thread-4) Plane:42 X:0 Y:0 TileWidth:600 TileHeight:600 arrayBuf.length:720000
2017-01-06 13:11:26,684 DEBUG [    o.s.blitz.repo.ManagedImportRequestI] (2-thread-4) Plane:43 X:0 Y:0 TileWidth:600 TileHeight:600 arrayBuf.length:720000
2017-01-06 13:11:26,695 DEBUG [    o.s.blitz.repo.ManagedImportRequestI] (2-thread-4) Plane:44 X:0 Y:0 TileWidth:600 TileHeight:600 arrayBuf.length:720000
2017-01-06 13:11:26,705 DEBUG [    o.s.blitz.repo.ManagedImportRequestI] (2-thread-4) Plane:45 X:0 Y:0 TileWidth:600 TileHeight:600 arrayBuf.length:720000
2017-01-06 13:11:26,715 DEBUG [    o.s.blitz.repo.ManagedImportRequestI] (2-thread-4) Plane:46 X:0 Y:0 TileWidth:600 TileHeight:600 arrayBuf.length:720000
2017-01-06 13:11:26,725 DEBUG [    o.s.blitz.repo.ManagedImportRequestI] (2-thread-4) Plane:47 X:0 Y:0 TileWidth:600 TileHeight:600 arrayBuf.length:720000
2017-01-06 13:11:26,736 DEBUG [    o.s.blitz.repo.ManagedImportRequestI] (2-thread-4) Plane:48 X:0 Y:0 TileWidth:600 TileHeight:600 arrayBuf.length:720000
2017-01-06 13:11:26,746 DEBUG [    o.s.blitz.repo.ManagedImportRequestI] (2-thread-4) Plane:49 X:0 Y:0 TileWidth:600 TileHeight:600 arrayBuf.length:720000
2017-01-06 13:11:26,756 DEBUG [    o.s.blitz.repo.ManagedImportRequestI] (2-thread-4) Plane:50 X:0 Y:0 TileWidth:600 TileHeight:600 arrayBuf.length:720000
2017-01-06 13:11:26,767 DEBUG [    o.s.blitz.repo.ManagedImportRequestI] (2-thread-4) Plane:51 X:0 Y:0 TileWidth:600 TileHeight:600 arrayBuf.length:720000
2017-01-06 13:11:26,777 DEBUG [    o.s.blitz.repo.ManagedImportRequestI] (2-thread-4) Plane:52 X:0 Y:0 TileWidth:600 TileHeight:600 arrayBuf.length:720000
2017-01-06 13:11:26,787 DEBUG [    o.s.blitz.repo.ManagedImportRequestI] (2-thread-4) Plane:53 X:0 Y:0 TileWidth:600 TileHeight:600 arrayBuf.length:720000
2017-01-06 13:11:26,797 DEBUG [    o.s.blitz.repo.ManagedImportRequestI] (2-thread-4) Plane:54 X:0 Y:0 TileWidth:600 TileHeight:600 arrayBuf.length:720000
2017-01-06 13:11:26,808 DEBUG [    o.s.blitz.repo.ManagedImportRequestI] (2-thread-4) Plane:55 X:0 Y:0 TileWidth:600 TileHeight:600 arrayBuf.length:720000
2017-01-06 13:11:26,818 DEBUG [    o.s.blitz.repo.ManagedImportRequestI] (2-thread-4) Plane:56 X:0 Y:0 TileWidth:600 TileHeight:600 arrayBuf.length:720000
2017-01-06 13:11:26,829 DEBUG [    o.s.blitz.repo.ManagedImportRequestI] (2-thread-4) Plane:57 X:0 Y:0 TileWidth:600 TileHeight:600 arrayBuf.length:720000
2017-01-06 13:11:26,839 DEBUG [    o.s.blitz.repo.ManagedImportRequestI] (2-thread-4) Plane:58 X:0 Y:0 TileWidth:600 TileHeight:600 arrayBuf.length:720000
2017-01-06 13:11:26,849 DEBUG [    o.s.blitz.repo.ManagedImportRequestI] (2-thread-4) Plane:59 X:0 Y:0 TileWidth:600 TileHeight:600 arrayBuf.length:720000
2017-01-06 13:11:26,860 DEBUG [    o.s.blitz.repo.ManagedImportRequestI] (2-thread-4) Plane:60 X:0 Y:0 TileWidth:600 TileHeight:600 arrayBuf.length:720000
2017-01-06 13:11:26,870 DEBUG [    o.s.blitz.repo.ManagedImportRequestI] (2-thread-4) Plane:61 X:0 Y:0 TileWidth:600 TileHeight:600 arrayBuf.length:720000
2017-01-06 13:11:26,880 DEBUG [    o.s.blitz.repo.ManagedImportRequestI] (2-thread-4) Plane:62 X:0 Y:0 TileWidth:600 TileHeight:600 arrayBuf.length:720000
2017-01-06 13:11:26,891 DEBUG [    o.s.blitz.repo.ManagedImportRequestI] (2-thread-4) Plane:63 X:0 Y:0 TileWidth:600 TileHeight:600 arrayBuf.length:720000
2017-01-06 13:11:26,901 DEBUG [    o.s.blitz.repo.ManagedImportRequestI] (2-thread-4) Plane:64 X:0 Y:0 TileWidth:600 TileHeight:600 arrayBuf.length:720000
2017-01-06 13:11:26,912 DEBUG [    o.s.blitz.repo.ManagedImportRequestI] (2-thread-4) Plane:65 X:0 Y:0 TileWidth:600 TileHeight:600 arrayBuf.length:720000
2017-01-06 13:11:26,937 INFO  [         ome.security.basic.EventHandler] (l.Server-4)  Auth:	user=2,group=3,event=1211(User),sess=3b038107-f0a9-4ccb-a848-7368a42ead7b
2017-01-06 13:11:26,957 INFO  [         ome.security.basic.EventHandler] (l.Server-0)  Auth:	user=2,group=3,event=1212(User),sess=3b038107-f0a9-4ccb-a848-7368a42ead7b
2017-01-06 13:11:27,143 INFO  [       ome.security.basic.CurrentDetails] (l.Server-0) Adding log:UPDATE,class ome.model.core.Pixels,8
2017-01-06 13:11:27,155 INFO  [         ome.security.basic.EventHandler] (l.Server-5)  Auth:	user=2,group=3,event=1213(User),sess=3b038107-f0a9-4ccb-a848-7368a42ead7b
2017-01-06 13:11:27,161 INFO  [         ome.security.basic.EventHandler] (l.Server-3)  Auth:	user=2,group=3,event=null(User),sess=3b038107-f0a9-4ccb-a848-7368a42ead7b
2017-01-06 13:11:27,178 INFO  [         ome.security.basic.EventHandler] (l.Server-8)  Auth:	user=2,group=3,event=1214(User),sess=3b038107-f0a9-4ccb-a848-7368a42ead7b
2017-01-06 13:11:27,184 INFO  [       ome.security.basic.CurrentDetails] (l.Server-8) Adding log:UPDATE,class ome.model.core.OriginalFile,195
2017-01-06 13:11:27,188 DEBUG [    o.s.blitz.repo.ManagedImportRequestI] (2-thread-4) Step 2
2017-01-06 13:11:27,202 INFO  [         ome.security.basic.EventHandler] (l.Server-9)  Auth:	user=2,group=3,event=1215(User),sess=3b038107-f0a9-4ccb-a848-7368a42ead7b
2017-01-06 13:11:27,242 DEBUG [                   loci.formats.Memoizer] (l.Server-9) loaded memo file: /OMERO/OMERO.data/BioFormatsCache/OMERO/OMERO.data/ManagedRepository/public_data_2/2017-01/06/13-11-24.066/.img0006.ipm.bfmemo (35636 bytes)
2017-01-06 13:11:27,242 DEBUG [                   loci.formats.Memoizer] (l.Server-9) start[1483708287227] time[15] tag[loci.formats.Memoizer.loadMemo]
2017-01-06 13:11:27,243 DEBUG [                   loci.formats.Memoizer] (l.Server-9) start[1483708287227] time[16] tag[loci.formats.Memoizer.setId]
2017-01-06 13:11:27,246 INFO  [       ome.security.basic.CurrentDetails] (l.Server-9) Adding log:INSERT,class ome.model.display.QuantumDef,8
2017-01-06 13:11:27,246 INFO  [       ome.security.basic.CurrentDetails] (l.Server-9) Adding log:INSERT,class ome.model.display.RenderingDef,8
2017-01-06 13:11:27,248 INFO  [       ome.security.basic.CurrentDetails] (l.Server-9) Adding log:INSERT,class ome.model.display.ChannelBinding,8
2017-01-06 13:11:27,261 INFO  [         ome.security.basic.EventHandler] (l.Server-2)  Auth:	user=2,group=3,event=1216(User),sess=3b038107-f0a9-4ccb-a848-7368a42ead7b
2017-01-06 13:11:27,272 INFO  [       ome.security.basic.CurrentDetails] (l.Server-2) Adding log:INSERT,class ome.model.display.Thumbnail,8
2017-01-06 13:11:27,317 DEBUG [                   loci.formats.Memoizer] (l.Server-2) loaded memo file: /OMERO/OMERO.data/BioFormatsCache/OMERO/OMERO.data/ManagedRepository/public_data_2/2017-01/06/13-11-24.066/.img0006.ipm.bfmemo (35636 bytes)
2017-01-06 13:11:27,317 DEBUG [                   loci.formats.Memoizer] (l.Server-2) start[1483708287297] time[19] tag[loci.formats.Memoizer.loadMemo]
2017-01-06 13:11:27,318 DEBUG [                   loci.formats.Memoizer] (l.Server-2) start[1483708287297] time[20] tag[loci.formats.Memoizer.setId]
2017-01-06 13:11:27,326 INFO  [       ome.logic.JavaImageScalingService] (l.Server-2) Scaling to: 96x96
2017-01-06 13:11:27,339 INFO  [       ome.security.basic.CurrentDetails] (l.Server-2) Adding log:UPDATE,class ome.model.display.Thumbnail,8
2017-01-06 13:11:27,344 INFO  [         ome.security.basic.EventHandler] (l.Server-6)  Auth:	user=2,group=3,event=null(User),sess=3b038107-f0a9-4ccb-a848-7368a42ead7b
2017-01-06 13:11:27,354 INFO  [         ome.security.basic.EventHandler] (l.Server-7)  Auth:	user=2,group=3,event=1217(User),sess=3b038107-f0a9-4ccb-a848-7368a42ead7b
2017-01-06 13:11:27,357 INFO  [       ome.security.basic.CurrentDetails] (l.Server-7) Adding log:UPDATE,class ome.model.core.OriginalFile,195
2017-01-06 13:11:27,360 DEBUG [    o.s.blitz.repo.ManagedImportRequestI] (2-thread-4) Step 3
2017-01-06 13:11:27,361 INFO  [         ome.security.basic.EventHandler] (l.Server-1)  Auth:	user=2,group=3,event=null(User),sess=3b038107-f0a9-4ccb-a848-7368a42ead7b
2017-01-06 13:11:27,364 INFO  [         ome.security.basic.EventHandler] (l.Server-4)  Auth:	user=2,group=3,event=null(User),sess=3b038107-f0a9-4ccb-a848-7368a42ead7b
2017-01-06 13:11:27,374 INFO  [         ome.security.basic.EventHandler] (l.Server-0)  Auth:	user=2,group=3,event=1218(User),sess=3b038107-f0a9-4ccb-a848-7368a42ead7b
2017-01-06 13:11:27,377 INFO  [       ome.security.basic.CurrentDetails] (l.Server-0) Adding log:UPDATE,class ome.model.core.OriginalFile,195
2017-01-06 13:11:27,379 DEBUG [    o.s.blitz.repo.ManagedImportRequestI] (2-thread-4) Step 4
2017-01-06 13:11:27,381 INFO  [         ome.security.basic.EventHandler] (l.Server-5)  Auth:	user=2,group=3,event=null(User),sess=3b038107-f0a9-4ccb-a848-7368a42ead7b
2017-01-06 13:11:27,391 INFO  [         ome.security.basic.EventHandler] (l.Server-3)  Auth:	user=2,group=3,event=1219(User),sess=3b038107-f0a9-4ccb-a848-7368a42ead7b
2017-01-06 13:11:27,393 INFO  [       ome.security.basic.CurrentDetails] (l.Server-3) Adding log:UPDATE,class ome.model.core.OriginalFile,195
2017-01-06 13:11:27,408 INFO  [         ome.security.basic.EventHandler] (l.Server-8)  Auth:	user=2,group=3,event=1220(User),sess=3b038107-f0a9-4ccb-a848-7368a42ead7b
2017-01-06 13:11:27,410 DEBUG [                omero.util.ServantHolder] (l.Server-8) Removed omero.api._RawFileStoreTie@c74cdeb1 from omero.util.ServantHolder@2bd83e25 as 06819e81-ffa1-4ea4-93fa-bf46f8a2a90comero.api.RawFileStore
2017-01-06 13:11:27,410 INFO  [                      omero.cmd.SessionI] (l.Server-8) Unregistered servant:3b038107-f0a9-4ccb-a848-7368a42ead7b/06819e81-ffa1-4ea4-93fa-bf46f8a2a90comero.api.RawFileStore(omero.api._RawFileStoreTie@c74cdeb1)
2017-01-06 13:11:27,420 INFO  [         ome.security.basic.EventHandler] (l.Server-9)  Auth:	user=2,group=3,event=1221(User),sess=3b038107-f0a9-4ccb-a848-7368a42ead7b
2017-01-06 13:11:27,421 DEBUG [                omero.util.ServantHolder] (l.Server-9) Removed omero.api._RawPixelsStoreTie@53a8f3c from omero.util.ServantHolder@2bd83e25 as de2fe88c-1e04-438e-98e4-7dc018ca4da3omero.api.RawPixelsStore
2017-01-06 13:11:27,421 INFO  [                      omero.cmd.SessionI] (l.Server-9) Unregistered servant:3b038107-f0a9-4ccb-a848-7368a42ead7b/de2fe88c-1e04-438e-98e4-7dc018ca4da3omero.api.RawPixelsStore(omero.api._RawPixelsStoreTie@53a8f3c)
2017-01-06 13:11:27,424 INFO  [         ome.security.basic.EventHandler] (l.Server-2)  Auth:	user=2,group=3,event=null(User),sess=3b038107-f0a9-4ccb-a848-7368a42ead7b
2017-01-06 13:11:27,440 DEBUG [                   loci.formats.Memoizer] (l.Server-2) loaded memo file: /OMERO/OMERO.data/BioFormatsCache/OMERO/OMERO.data/ManagedRepository/public_data_2/2017-01/06/13-11-24.066/.img0006.ipm.bfmemo (35636 bytes)
2017-01-06 13:11:27,440 DEBUG [                   loci.formats.Memoizer] (l.Server-2) start[1483708287424] time[15] tag[loci.formats.Memoizer.loadMemo]
2017-01-06 13:11:27,441 DEBUG [                   loci.formats.Memoizer] (l.Server-2) start[1483708287424] time[16] tag[loci.formats.Memoizer.setId]
2017-01-06 13:11:27,442 DEBUG [                omero.util.ServantHolder] (l.Server-2) Removed omero.api._ThumbnailStoreTie@c28d8509 from omero.util.ServantHolder@2bd83e25 as 4408e91e-8d47-4b83-bbbf-23f76ec349e4omero.api.ThumbnailStore
2017-01-06 13:11:27,442 INFO  [                      omero.cmd.SessionI] (l.Server-2) Unregistered servant:3b038107-f0a9-4ccb-a848-7368a42ead7b/4408e91e-8d47-4b83-bbbf-23f76ec349e4omero.api.ThumbnailStore(omero.api._ThumbnailStoreTie@c28d8509)
2017-01-06 13:11:27,442 DEBUG [                omero.util.ServantHolder] (l.Server-6) Removed omero.api._MetadataStoreTie@bd7e9e62 from omero.util.ServantHolder@2bd83e25 as 638d28ea-db7b-48bc-9a21-15f8e4bfad21omero.api.MetadataStore
2017-01-06 13:11:27,442 INFO  [                      omero.cmd.SessionI] (l.Server-6) Unregistered servant:3b038107-f0a9-4ccb-a848-7368a42ead7b/638d28ea-db7b-48bc-9a21-15f8e4bfad21omero.api.MetadataStore(omero.api._MetadataStoreTie@bd7e9e62)
2017-01-06 13:11:27,443 INFO  [    o.s.blitz.repo.ManagedImportRequestI] (2-thread-4) Finalizing log file.
