2017-01-06 13:10:43,770 INFO  [    ome.formats.OMEROMetadataStoreClient] (2-thread-4) Call context: {omero.logfilename:public_data_2/2017-01/06/13-10-41.757.log}
2017-01-06 13:10:43,776 INFO  [         ome.security.basic.EventHandler] (l.Server-8)  Auth:	user=2,group=3,event=null(User),sess=5e6ce465-ac51-42db-84f4-8e1dbba9be1c
2017-01-06 13:10:43,797 INFO  [                loci.formats.ImageReader] (2-thread-4) IvisionReader initializing /OMERO/OMERO.data/ManagedRepository/public_data_2/2017-01/06/13-10-41.757/img0000.ipm
2017-01-06 13:10:43,798 INFO  [              loci.formats.FormatHandler] (2-thread-4) Populating metadata
2017-01-06 13:10:43,798 INFO  [              loci.formats.FormatHandler] (2-thread-4) Looking for XML metadata
2017-01-06 13:10:43,799 INFO  [              loci.formats.FormatHandler] (2-thread-4) Populating core metadata
2017-01-06 13:10:43,799 INFO  [              loci.formats.FormatHandler] (2-thread-4) Populating MetadataStore
2017-01-06 13:10:43,816 INFO  [         ome.security.basic.EventHandler] (l.Server-1)  Auth:	user=2,group=3,event=null(User),sess=5e6ce465-ac51-42db-84f4-8e1dbba9be1c
2017-01-06 13:10:43,826 INFO  [         ome.security.basic.EventHandler] (l.Server-3)  Auth:	user=2,group=3,event=null(User),sess=5e6ce465-ac51-42db-84f4-8e1dbba9be1c
2017-01-06 13:10:43,832 INFO  [         ome.security.basic.EventHandler] (l.Server-4)  Auth:	user=2,group=3,event=null(User),sess=5e6ce465-ac51-42db-84f4-8e1dbba9be1c
2017-01-06 13:10:43,837 INFO  [         ome.security.basic.EventHandler] (l.Server-6)  Auth:	user=2,group=3,event=null(User),sess=5e6ce465-ac51-42db-84f4-8e1dbba9be1c
2017-01-06 13:10:43,854 INFO  [         ome.security.basic.EventHandler] (l.Server-2)  Auth:	user=2,group=3,event=null(User),sess=5e6ce465-ac51-42db-84f4-8e1dbba9be1c
2017-01-06 13:10:43,858 INFO  [         ome.security.basic.EventHandler] (l.Server-7)  Auth:	user=2,group=3,event=null(User),sess=5e6ce465-ac51-42db-84f4-8e1dbba9be1c
2017-01-06 13:10:43,862 INFO  [         ome.security.basic.EventHandler] (l.Server-8)  Auth:	user=2,group=3,event=null(User),sess=5e6ce465-ac51-42db-84f4-8e1dbba9be1c
2017-01-06 13:10:43,872 INFO  [         ome.security.basic.EventHandler] (l.Server-9)  Auth:	user=2,group=3,event=null(User),sess=5e6ce465-ac51-42db-84f4-8e1dbba9be1c
2017-01-06 13:10:43,877 WARN  [    ome.formats.enums.IQueryEnumProvider] (2-thread-4) Enumeration 'Other' does not exist in 'class omero.model.Binning' returning 'null'
2017-01-06 13:10:43,908 DEBUG [                   loci.formats.Memoizer] (2-thread-4) saved to temp file: /OMERO/OMERO.data/BioFormatsCache/OMERO/OMERO.data/ManagedRepository/public_data_2/2017-01/06/13-10-41.757/.img0000.ipm.bfmemo8126077408782918079
2017-01-06 13:10:43,908 DEBUG [                   loci.formats.Memoizer] (2-thread-4) start[1483708243886] time[21] tag[loci.formats.Memoizer.saveMemo]
2017-01-06 13:10:43,908 DEBUG [                   loci.formats.Memoizer] (2-thread-4) saved memo file: /OMERO/OMERO.data/BioFormatsCache/OMERO/OMERO.data/ManagedRepository/public_data_2/2017-01/06/13-10-41.757/.img0000.ipm.bfmemo (35636 bytes)
2017-01-06 13:10:43,908 DEBUG [                   loci.formats.Memoizer] (2-thread-4) start[1483708243794] time[113] tag[loci.formats.Memoizer.setId]
2017-01-06 13:10:43,908 DEBUG [    o.s.blitz.repo.ManagedImportRequestI] (2-thread-4) Image Count: 66
2017-01-06 13:10:43,908 INFO  [    o.s.blitz.repo.ManagedImportRequestI] (2-thread-4) File format: IVision
2017-01-06 13:10:43,908 INFO  [    o.s.blitz.repo.ManagedImportRequestI] (2-thread-4) Base reader: loci.formats.in.IvisionReader
2017-01-06 13:10:43,908 DEBUG [    o.s.blitz.repo.ManagedImportRequestI] (2-thread-4) Step 0
2017-01-06 13:10:43,910 WARN  [    ome.formats.model.ReferenceProcessor] (2-thread-4) Unknown target class for LSID: Image:0
2017-01-06 13:10:43,910 INFO  [    ome.formats.OMEROMetadataStoreClient] (2-thread-4) Handling # of containers: 9
2017-01-06 13:10:43,922 INFO  [         ome.security.basic.EventHandler] (l.Server-1)  Auth:	user=2,group=3,event=null(User),sess=5e6ce465-ac51-42db-84f4-8e1dbba9be1c
2017-01-06 13:10:43,924 INFO  [    ome.formats.OMEROMetadataStoreClient] (2-thread-4) Handling # of references: 3
2017-01-06 13:10:43,925 INFO  [         ome.security.basic.EventHandler] (l.Server-7)  Auth:	user=2,group=3,event=null(User),sess=5e6ce465-ac51-42db-84f4-8e1dbba9be1c
2017-01-06 13:10:43,935 INFO  [         ome.security.basic.EventHandler] (l.Server-9)  Auth:	user=2,group=3,event=1011(User),sess=5e6ce465-ac51-42db-84f4-8e1dbba9be1c
2017-01-06 13:10:43,948 INFO  [       ome.security.basic.CurrentDetails] (l.Server-9) Adding log:INSERT,class ome.model.acquisition.Instrument,1
2017-01-06 13:10:43,950 INFO  [       ome.security.basic.CurrentDetails] (l.Server-9) Adding log:INSERT,class ome.model.acquisition.Detector,1
2017-01-06 13:10:43,951 INFO  [       ome.security.basic.CurrentDetails] (l.Server-9) Adding log:INSERT,class ome.model.acquisition.Objective,1
2017-01-06 13:10:43,953 INFO  [       ome.security.basic.CurrentDetails] (l.Server-9) Adding log:INSERT,class ome.model.acquisition.ObjectiveSettings,1
2017-01-06 13:10:43,954 INFO  [       ome.security.basic.CurrentDetails] (l.Server-9) Adding log:INSERT,class ome.model.core.Image,2
2017-01-06 13:10:43,954 INFO  [       ome.security.basic.CurrentDetails] (l.Server-9) Adding log:INSERT,class ome.model.containers.DatasetImageLink,2
2017-01-06 13:10:43,955 INFO  [       ome.security.basic.CurrentDetails] (l.Server-9) Adding log:INSERT,class ome.model.core.Pixels,2
2017-01-06 13:10:43,957 INFO  [       ome.security.basic.CurrentDetails] (l.Server-9) Adding log:INSERT,class ome.model.acquisition.DetectorSettings,1
2017-01-06 13:10:43,958 INFO  [       ome.security.basic.CurrentDetails] (l.Server-9) Adding log:INSERT,class ome.model.core.LogicalChannel,2
2017-01-06 13:10:43,958 INFO  [       ome.security.basic.CurrentDetails] (l.Server-9) Adding log:INSERT,class ome.model.core.Channel,2
2017-01-06 13:10:43,986 INFO  [         ome.security.basic.EventHandler] (l.Server-7)  Auth:	user=2,group=3,event=null(User),sess=5e6ce465-ac51-42db-84f4-8e1dbba9be1c
2017-01-06 13:10:44,007 INFO  [         ome.security.basic.EventHandler] (l.Server-5)  Auth:	user=2,group=3,event=1012(User),sess=5e6ce465-ac51-42db-84f4-8e1dbba9be1c
2017-01-06 13:10:44,011 INFO  [       ome.security.basic.CurrentDetails] (l.Server-5) Adding log:UPDATE,class ome.model.core.OriginalFile,174
2017-01-06 13:10:44,014 DEBUG [    o.s.blitz.repo.ManagedImportRequestI] (2-thread-4) Step 1
2017-01-06 13:10:44,014 DEBUG [    o.s.blitz.repo.ManagedImportRequestI] (2-thread-4) Plane:0 X:0 Y:0 TileWidth:600 TileHeight:600 arrayBuf.length:720000
2017-01-06 13:10:44,070 DEBUG [    o.s.blitz.repo.ManagedImportRequestI] (2-thread-4) Plane:1 X:0 Y:0 TileWidth:600 TileHeight:600 arrayBuf.length:720000
2017-01-06 13:10:44,124 DEBUG [    o.s.blitz.repo.ManagedImportRequestI] (2-thread-4) Plane:2 X:0 Y:0 TileWidth:600 TileHeight:600 arrayBuf.length:720000
2017-01-06 13:10:44,180 DEBUG [    o.s.blitz.repo.ManagedImportRequestI] (2-thread-4) Plane:3 X:0 Y:0 TileWidth:600 TileHeight:600 arrayBuf.length:720000
2017-01-06 13:10:44,228 DEBUG [    o.s.blitz.repo.ManagedImportRequestI] (2-thread-4) Plane:4 X:0 Y:0 TileWidth:600 TileHeight:600 arrayBuf.length:720000
2017-01-06 13:10:44,240 DEBUG [    o.s.blitz.repo.ManagedImportRequestI] (2-thread-4) Plane:5 X:0 Y:0 TileWidth:600 TileHeight:600 arrayBuf.length:720000
2017-01-06 13:10:44,250 DEBUG [    o.s.blitz.repo.ManagedImportRequestI] (2-thread-4) Plane:6 X:0 Y:0 TileWidth:600 TileHeight:600 arrayBuf.length:720000
2017-01-06 13:10:44,261 DEBUG [    o.s.blitz.repo.ManagedImportRequestI] (2-thread-4) Plane:7 X:0 Y:0 TileWidth:600 TileHeight:600 arrayBuf.length:720000
2017-01-06 13:10:44,271 DEBUG [    o.s.blitz.repo.ManagedImportRequestI] (2-thread-4) Plane:8 X:0 Y:0 TileWidth:600 TileHeight:600 arrayBuf.length:720000
2017-01-06 13:10:44,282 DEBUG [    o.s.blitz.repo.ManagedImportRequestI] (2-thread-4) Plane:9 X:0 Y:0 TileWidth:600 TileHeight:600 arrayBuf.length:720000
2017-01-06 13:10:44,292 DEBUG [    o.s.blitz.repo.ManagedImportRequestI] (2-thread-4) Plane:10 X:0 Y:0 TileWidth:600 TileHeight:600 arrayBuf.length:720000
2017-01-06 13:10:44,302 DEBUG [    o.s.blitz.repo.ManagedImportRequestI] (2-thread-4) Plane:11 X:0 Y:0 TileWidth:600 TileHeight:600 arrayBuf.length:720000
2017-01-06 13:10:44,313 DEBUG [    o.s.blitz.repo.ManagedImportRequestI] (2-thread-4) Plane:12 X:0 Y:0 TileWidth:600 TileHeight:600 arrayBuf.length:720000
2017-01-06 13:10:44,323 DEBUG [    o.s.blitz.repo.ManagedImportRequestI] (2-thread-4) Plane:13 X:0 Y:0 TileWidth:600 TileHeight:600 arrayBuf.length:720000
2017-01-06 13:10:44,333 DEBUG [    o.s.blitz.repo.ManagedImportRequestI] (2-thread-4) Plane:14 X:0 Y:0 TileWidth:600 TileHeight:600 arrayBuf.length:720000
2017-01-06 13:10:44,344 DEBUG [    o.s.blitz.repo.ManagedImportRequestI] (2-thread-4) Plane:15 X:0 Y:0 TileWidth:600 TileHeight:600 arrayBuf.length:720000
2017-01-06 13:10:44,354 DEBUG [    o.s.blitz.repo.ManagedImportRequestI] (2-thread-4) Plane:16 X:0 Y:0 TileWidth:600 TileHeight:600 arrayBuf.length:720000
2017-01-06 13:10:44,364 DEBUG [    o.s.blitz.repo.ManagedImportRequestI] (2-thread-4) Plane:17 X:0 Y:0 TileWidth:600 TileHeight:600 arrayBuf.length:720000
2017-01-06 13:10:44,375 DEBUG [    o.s.blitz.repo.ManagedImportRequestI] (2-thread-4) Plane:18 X:0 Y:0 TileWidth:600 TileHeight:600 arrayBuf.length:720000
2017-01-06 13:10:44,385 DEBUG [    o.s.blitz.repo.ManagedImportRequestI] (2-thread-4) Plane:19 X:0 Y:0 TileWidth:600 TileHeight:600 arrayBuf.length:720000
2017-01-06 13:10:44,395 DEBUG [    o.s.blitz.repo.ManagedImportRequestI] (2-thread-4) Plane:20 X:0 Y:0 TileWidth:600 TileHeight:600 arrayBuf.length:720000
2017-01-06 13:10:44,406 DEBUG [    o.s.blitz.repo.ManagedImportRequestI] (2-thread-4) Plane:21 X:0 Y:0 TileWidth:600 TileHeight:600 arrayBuf.length:720000
2017-01-06 13:10:44,416 DEBUG [    o.s.blitz.repo.ManagedImportRequestI] (2-thread-4) Plane:22 X:0 Y:0 TileWidth:600 TileHeight:600 arrayBuf.length:720000
2017-01-06 13:10:44,426 DEBUG [    o.s.blitz.repo.ManagedImportRequestI] (2-thread-4) Plane:23 X:0 Y:0 TileWidth:600 TileHeight:600 arrayBuf.length:720000
2017-01-06 13:10:44,437 DEBUG [    o.s.blitz.repo.ManagedImportRequestI] (2-thread-4) Plane:24 X:0 Y:0 TileWidth:600 TileHeight:600 arrayBuf.length:720000
2017-01-06 13:10:44,447 DEBUG [    o.s.blitz.repo.ManagedImportRequestI] (2-thread-4) Plane:25 X:0 Y:0 TileWidth:600 TileHeight:600 arrayBuf.length:720000
2017-01-06 13:10:44,457 DEBUG [    o.s.blitz.repo.ManagedImportRequestI] (2-thread-4) Plane:26 X:0 Y:0 TileWidth:600 TileHeight:600 arrayBuf.length:720000
2017-01-06 13:10:44,468 DEBUG [    o.s.blitz.repo.ManagedImportRequestI] (2-thread-4) Plane:27 X:0 Y:0 TileWidth:600 TileHeight:600 arrayBuf.length:720000
2017-01-06 13:10:44,478 DEBUG [    o.s.blitz.repo.ManagedImportRequestI] (2-thread-4) Plane:28 X:0 Y:0 TileWidth:600 TileHeight:600 arrayBuf.length:720000
2017-01-06 13:10:44,489 DEBUG [    o.s.blitz.repo.ManagedImportRequestI] (2-thread-4) Plane:29 X:0 Y:0 TileWidth:600 TileHeight:600 arrayBuf.length:720000
2017-01-06 13:10:44,499 DEBUG [    o.s.blitz.repo.ManagedImportRequestI] (2-thread-4) Plane:30 X:0 Y:0 TileWidth:600 TileHeight:600 arrayBuf.length:720000
2017-01-06 13:10:44,509 DEBUG [    o.s.blitz.repo.ManagedImportRequestI] (2-thread-4) Plane:31 X:0 Y:0 TileWidth:600 TileHeight:600 arrayBuf.length:720000
2017-01-06 13:10:44,519 DEBUG [    o.s.blitz.repo.ManagedImportRequestI] (2-thread-4) Plane:32 X:0 Y:0 TileWidth:600 TileHeight:600 arrayBuf.length:720000
2017-01-06 13:10:44,530 DEBUG [    o.s.blitz.repo.ManagedImportRequestI] (2-thread-4) Plane:33 X:0 Y:0 TileWidth:600 TileHeight:600 arrayBuf.length:720000
2017-01-06 13:10:44,540 DEBUG [    o.s.blitz.repo.ManagedImportRequestI] (2-thread-4) Plane:34 X:0 Y:0 TileWidth:600 TileHeight:600 arrayBuf.length:720000
2017-01-06 13:10:44,550 DEBUG [    o.s.blitz.repo.ManagedImportRequestI] (2-thread-4) Plane:35 X:0 Y:0 TileWidth:600 TileHeight:600 arrayBuf.length:720000
2017-01-06 13:10:44,561 DEBUG [    o.s.blitz.repo.ManagedImportRequestI] (2-thread-4) Plane:36 X:0 Y:0 TileWidth:600 TileHeight:600 arrayBuf.length:720000
2017-01-06 13:10:44,571 DEBUG [    o.s.blitz.repo.ManagedImportRequestI] (2-thread-4) Plane:37 X:0 Y:0 TileWidth:600 TileHeight:600 arrayBuf.length:720000
2017-01-06 13:10:44,581 DEBUG [    o.s.blitz.repo.ManagedImportRequestI] (2-thread-4) Plane:38 X:0 Y:0 TileWidth:600 TileHeight:600 arrayBuf.length:720000
2017-01-06 13:10:44,591 DEBUG [    o.s.blitz.repo.ManagedImportRequestI] (2-thread-4) Plane:39 X:0 Y:0 TileWidth:600 TileHeight:600 arrayBuf.length:720000
2017-01-06 13:10:44,601 DEBUG [    o.s.blitz.repo.ManagedImportRequestI] (2-thread-4) Plane:40 X:0 Y:0 TileWidth:600 TileHeight:600 arrayBuf.length:720000
2017-01-06 13:10:44,611 DEBUG [    o.s.blitz.repo.ManagedImportRequestI] (2-thread-4) Plane:41 X:0 Y:0 TileWidth:600 TileHeight:600 arrayBuf.length:720000
2017-01-06 13:10:44,621 DEBUG [    o.s.blitz.repo.ManagedImportRequestI] (2-thread-4) Plane:42 X:0 Y:0 TileWidth:600 TileHeight:600 arrayBuf.length:720000
2017-01-06 13:10:44,632 DEBUG [    o.s.blitz.repo.ManagedImportRequestI] (2-thread-4) Plane:43 X:0 Y:0 TileWidth:600 TileHeight:600 arrayBuf.length:720000
2017-01-06 13:10:44,642 DEBUG [    o.s.blitz.repo.ManagedImportRequestI] (2-thread-4) Plane:44 X:0 Y:0 TileWidth:600 TileHeight:600 arrayBuf.length:720000
2017-01-06 13:10:44,652 DEBUG [    o.s.blitz.repo.ManagedImportRequestI] (2-thread-4) Plane:45 X:0 Y:0 TileWidth:600 TileHeight:600 arrayBuf.length:720000
2017-01-06 13:10:44,662 DEBUG [    o.s.blitz.repo.ManagedImportRequestI] (2-thread-4) Plane:46 X:0 Y:0 TileWidth:600 TileHeight:600 arrayBuf.length:720000
2017-01-06 13:10:44,672 DEBUG [    o.s.blitz.repo.ManagedImportRequestI] (2-thread-4) Plane:47 X:0 Y:0 TileWidth:600 TileHeight:600 arrayBuf.length:720000
2017-01-06 13:10:44,682 DEBUG [    o.s.blitz.repo.ManagedImportRequestI] (2-thread-4) Plane:48 X:0 Y:0 TileWidth:600 TileHeight:600 arrayBuf.length:720000
2017-01-06 13:10:44,693 DEBUG [    o.s.blitz.repo.ManagedImportRequestI] (2-thread-4) Plane:49 X:0 Y:0 TileWidth:600 TileHeight:600 arrayBuf.length:720000
2017-01-06 13:10:44,703 DEBUG [    o.s.blitz.repo.ManagedImportRequestI] (2-thread-4) Plane:50 X:0 Y:0 TileWidth:600 TileHeight:600 arrayBuf.length:720000
2017-01-06 13:10:44,714 DEBUG [    o.s.blitz.repo.ManagedImportRequestI] (2-thread-4) Plane:51 X:0 Y:0 TileWidth:600 TileHeight:600 arrayBuf.length:720000
2017-01-06 13:10:44,724 DEBUG [    o.s.blitz.repo.ManagedImportRequestI] (2-thread-4) Plane:52 X:0 Y:0 TileWidth:600 TileHeight:600 arrayBuf.length:720000
2017-01-06 13:10:44,734 DEBUG [    o.s.blitz.repo.ManagedImportRequestI] (2-thread-4) Plane:53 X:0 Y:0 TileWidth:600 TileHeight:600 arrayBuf.length:720000
2017-01-06 13:10:44,745 DEBUG [    o.s.blitz.repo.ManagedImportRequestI] (2-thread-4) Plane:54 X:0 Y:0 TileWidth:600 TileHeight:600 arrayBuf.length:720000
2017-01-06 13:10:44,755 DEBUG [    o.s.blitz.repo.ManagedImportRequestI] (2-thread-4) Plane:55 X:0 Y:0 TileWidth:600 TileHeight:600 arrayBuf.length:720000
2017-01-06 13:10:44,765 DEBUG [    o.s.blitz.repo.ManagedImportRequestI] (2-thread-4) Plane:56 X:0 Y:0 TileWidth:600 TileHeight:600 arrayBuf.length:720000
2017-01-06 13:10:44,776 DEBUG [    o.s.blitz.repo.ManagedImportRequestI] (2-thread-4) Plane:57 X:0 Y:0 TileWidth:600 TileHeight:600 arrayBuf.length:720000
2017-01-06 13:10:44,786 DEBUG [    o.s.blitz.repo.ManagedImportRequestI] (2-thread-4) Plane:58 X:0 Y:0 TileWidth:600 TileHeight:600 arrayBuf.length:720000
2017-01-06 13:10:44,796 DEBUG [    o.s.blitz.repo.ManagedImportRequestI] (2-thread-4) Plane:59 X:0 Y:0 TileWidth:600 TileHeight:600 arrayBuf.length:720000
2017-01-06 13:10:44,807 DEBUG [    o.s.blitz.repo.ManagedImportRequestI] (2-thread-4) Plane:60 X:0 Y:0 TileWidth:600 TileHeight:600 arrayBuf.length:720000
2017-01-06 13:10:44,817 DEBUG [    o.s.blitz.repo.ManagedImportRequestI] (2-thread-4) Plane:61 X:0 Y:0 TileWidth:600 TileHeight:600 arrayBuf.length:720000
2017-01-06 13:10:44,827 DEBUG [    o.s.blitz.repo.ManagedImportRequestI] (2-thread-4) Plane:62 X:0 Y:0 TileWidth:600 TileHeight:600 arrayBuf.length:720000
2017-01-06 13:10:44,837 DEBUG [    o.s.blitz.repo.ManagedImportRequestI] (2-thread-4) Plane:63 X:0 Y:0 TileWidth:600 TileHeight:600 arrayBuf.length:720000
2017-01-06 13:10:44,847 DEBUG [    o.s.blitz.repo.ManagedImportRequestI] (2-thread-4) Plane:64 X:0 Y:0 TileWidth:600 TileHeight:600 arrayBuf.length:720000
2017-01-06 13:10:44,858 DEBUG [    o.s.blitz.repo.ManagedImportRequestI] (2-thread-4) Plane:65 X:0 Y:0 TileWidth:600 TileHeight:600 arrayBuf.length:720000
2017-01-06 13:10:44,884 INFO  [         ome.security.basic.EventHandler] (l.Server-8)  Auth:	user=2,group=3,event=1019(User),sess=5e6ce465-ac51-42db-84f4-8e1dbba9be1c
2017-01-06 13:10:44,909 INFO  [         ome.security.basic.EventHandler] (l.Server-3)  Auth:	user=2,group=3,event=1020(User),sess=5e6ce465-ac51-42db-84f4-8e1dbba9be1c
2017-01-06 13:10:45,170 INFO  [       ome.security.basic.CurrentDetails] (l.Server-3) Adding log:UPDATE,class ome.model.core.Pixels,2
2017-01-06 13:10:45,193 INFO  [         ome.security.basic.EventHandler] (l.Server-5)  Auth:	user=2,group=3,event=1021(User),sess=5e6ce465-ac51-42db-84f4-8e1dbba9be1c
2017-01-06 13:10:45,202 INFO  [         ome.security.basic.EventHandler] (l.Server-4)  Auth:	user=2,group=3,event=null(User),sess=5e6ce465-ac51-42db-84f4-8e1dbba9be1c
2017-01-06 13:10:45,223 INFO  [         ome.security.basic.EventHandler] (l.Server-6)  Auth:	user=2,group=3,event=1022(User),sess=5e6ce465-ac51-42db-84f4-8e1dbba9be1c
2017-01-06 13:10:45,228 INFO  [       ome.security.basic.CurrentDetails] (l.Server-6) Adding log:UPDATE,class ome.model.core.OriginalFile,174
2017-01-06 13:10:45,232 DEBUG [    o.s.blitz.repo.ManagedImportRequestI] (2-thread-4) Step 2
2017-01-06 13:10:45,245 INFO  [         ome.security.basic.EventHandler] (l.Server-1)  Auth:	user=2,group=3,event=1023(User),sess=5e6ce465-ac51-42db-84f4-8e1dbba9be1c
2017-01-06 13:10:45,308 DEBUG [                   loci.formats.Memoizer] (l.Server-1) loaded memo file: /OMERO/OMERO.data/BioFormatsCache/OMERO/OMERO.data/ManagedRepository/public_data_2/2017-01/06/13-10-41.757/.img0000.ipm.bfmemo (35636 bytes)
2017-01-06 13:10:45,308 DEBUG [                   loci.formats.Memoizer] (l.Server-1) start[1483708245281] time[26] tag[loci.formats.Memoizer.loadMemo]
2017-01-06 13:10:45,308 DEBUG [                   loci.formats.Memoizer] (l.Server-1) start[1483708245281] time[27] tag[loci.formats.Memoizer.setId]
2017-01-06 13:10:45,315 INFO  [       ome.security.basic.CurrentDetails] (l.Server-1) Adding log:INSERT,class ome.model.display.QuantumDef,2
2017-01-06 13:10:45,316 INFO  [       ome.security.basic.CurrentDetails] (l.Server-1) Adding log:INSERT,class ome.model.display.RenderingDef,2
2017-01-06 13:10:45,318 INFO  [       ome.security.basic.CurrentDetails] (l.Server-1) Adding log:INSERT,class ome.model.display.ChannelBinding,2
2017-01-06 13:10:45,339 INFO  [         ome.security.basic.EventHandler] (l.Server-9)  Auth:	user=2,group=3,event=1024(User),sess=5e6ce465-ac51-42db-84f4-8e1dbba9be1c
2017-01-06 13:10:45,354 INFO  [       ome.security.basic.CurrentDetails] (l.Server-9) Adding log:INSERT,class ome.model.display.Thumbnail,2
2017-01-06 13:10:45,412 DEBUG [                   loci.formats.Memoizer] (l.Server-9) loaded memo file: /OMERO/OMERO.data/BioFormatsCache/OMERO/OMERO.data/ManagedRepository/public_data_2/2017-01/06/13-10-41.757/.img0000.ipm.bfmemo (35636 bytes)
2017-01-06 13:10:45,412 DEBUG [                   loci.formats.Memoizer] (l.Server-9) start[1483708245384] time[28] tag[loci.formats.Memoizer.loadMemo]
2017-01-06 13:10:45,413 DEBUG [                   loci.formats.Memoizer] (l.Server-9) start[1483708245384] time[29] tag[loci.formats.Memoizer.setId]
2017-01-06 13:10:45,429 INFO  [       ome.logic.JavaImageScalingService] (l.Server-9) Scaling to: 96x96
2017-01-06 13:10:45,637 INFO  [       ome.security.basic.CurrentDetails] (l.Server-9) Adding log:UPDATE,class ome.model.display.Thumbnail,2
2017-01-06 13:10:45,643 INFO  [         ome.security.basic.EventHandler] (l.Server-2)  Auth:	user=2,group=3,event=null(User),sess=5e6ce465-ac51-42db-84f4-8e1dbba9be1c
2017-01-06 13:10:45,658 INFO  [         ome.security.basic.EventHandler] (l.Server-7)  Auth:	user=2,group=3,event=1025(User),sess=5e6ce465-ac51-42db-84f4-8e1dbba9be1c
2017-01-06 13:10:45,662 INFO  [       ome.security.basic.CurrentDetails] (l.Server-7) Adding log:UPDATE,class ome.model.core.OriginalFile,174
2017-01-06 13:10:45,664 DEBUG [    o.s.blitz.repo.ManagedImportRequestI] (2-thread-4) Step 3
2017-01-06 13:10:45,666 INFO  [         ome.security.basic.EventHandler] (l.Server-0)  Auth:	user=2,group=3,event=null(User),sess=5e6ce465-ac51-42db-84f4-8e1dbba9be1c
2017-01-06 13:10:45,668 INFO  [         ome.security.basic.EventHandler] (l.Server-8)  Auth:	user=2,group=3,event=null(User),sess=5e6ce465-ac51-42db-84f4-8e1dbba9be1c
2017-01-06 13:10:45,677 INFO  [         ome.security.basic.EventHandler] (l.Server-3)  Auth:	user=2,group=3,event=1026(User),sess=5e6ce465-ac51-42db-84f4-8e1dbba9be1c
2017-01-06 13:10:45,680 INFO  [       ome.security.basic.CurrentDetails] (l.Server-3) Adding log:UPDATE,class ome.model.core.OriginalFile,174
2017-01-06 13:10:45,683 DEBUG [    o.s.blitz.repo.ManagedImportRequestI] (2-thread-4) Step 4
2017-01-06 13:10:45,684 INFO  [         ome.security.basic.EventHandler] (l.Server-5)  Auth:	user=2,group=3,event=null(User),sess=5e6ce465-ac51-42db-84f4-8e1dbba9be1c
2017-01-06 13:10:45,691 INFO  [         ome.security.basic.EventHandler] (l.Server-4)  Auth:	user=2,group=3,event=1027(User),sess=5e6ce465-ac51-42db-84f4-8e1dbba9be1c
2017-01-06 13:10:45,692 INFO  [       ome.security.basic.CurrentDetails] (l.Server-4) Adding log:UPDATE,class ome.model.core.OriginalFile,174
2017-01-06 13:10:45,705 INFO  [         ome.security.basic.EventHandler] (l.Server-6)  Auth:	user=2,group=3,event=1028(User),sess=5e6ce465-ac51-42db-84f4-8e1dbba9be1c
2017-01-06 13:10:45,707 DEBUG [                omero.util.ServantHolder] (l.Server-6) Removed omero.api._RawFileStoreTie@10b49365 from omero.util.ServantHolder@649875e7 as 7ce7fc36-d0e9-4fbc-acc9-d353b1f5554domero.api.RawFileStore
2017-01-06 13:10:45,707 INFO  [                      omero.cmd.SessionI] (l.Server-6) Unregistered servant:5e6ce465-ac51-42db-84f4-8e1dbba9be1c/7ce7fc36-d0e9-4fbc-acc9-d353b1f5554domero.api.RawFileStore(omero.api._RawFileStoreTie@10b49365)
2017-01-06 13:10:45,718 INFO  [         ome.security.basic.EventHandler] (l.Server-1)  Auth:	user=2,group=3,event=1029(User),sess=5e6ce465-ac51-42db-84f4-8e1dbba9be1c
2017-01-06 13:10:45,719 DEBUG [                omero.util.ServantHolder] (l.Server-1) Removed omero.api._RawPixelsStoreTie@f4387c7e from omero.util.ServantHolder@649875e7 as 49cb8a9a-e046-487f-a24c-c1a080a5250eomero.api.RawPixelsStore
2017-01-06 13:10:45,719 INFO  [                      omero.cmd.SessionI] (l.Server-1) Unregistered servant:5e6ce465-ac51-42db-84f4-8e1dbba9be1c/49cb8a9a-e046-487f-a24c-c1a080a5250eomero.api.RawPixelsStore(omero.api._RawPixelsStoreTie@f4387c7e)
2017-01-06 13:10:45,721 INFO  [         ome.security.basic.EventHandler] (l.Server-9)  Auth:	user=2,group=3,event=null(User),sess=5e6ce465-ac51-42db-84f4-8e1dbba9be1c
2017-01-06 13:10:45,745 DEBUG [                   loci.formats.Memoizer] (l.Server-9) loaded memo file: /OMERO/OMERO.data/BioFormatsCache/OMERO/OMERO.data/ManagedRepository/public_data_2/2017-01/06/13-10-41.757/.img0000.ipm.bfmemo (35636 bytes)
2017-01-06 13:10:45,745 DEBUG [                   loci.formats.Memoizer] (l.Server-9) start[1483708245722] time[22] tag[loci.formats.Memoizer.loadMemo]
2017-01-06 13:10:45,746 DEBUG [                   loci.formats.Memoizer] (l.Server-9) start[1483708245722] time[23] tag[loci.formats.Memoizer.setId]
2017-01-06 13:10:45,747 DEBUG [                omero.util.ServantHolder] (l.Server-9) Removed omero.api._ThumbnailStoreTie@a6c3085 from omero.util.ServantHolder@649875e7 as 9775acf2-1551-4314-b3c0-ad61ceb44331omero.api.ThumbnailStore
2017-01-06 13:10:45,747 INFO  [                      omero.cmd.SessionI] (l.Server-9) Unregistered servant:5e6ce465-ac51-42db-84f4-8e1dbba9be1c/9775acf2-1551-4314-b3c0-ad61ceb44331omero.api.ThumbnailStore(omero.api._ThumbnailStoreTie@a6c3085)
2017-01-06 13:10:45,747 DEBUG [                omero.util.ServantHolder] (l.Server-2) Removed omero.api._MetadataStoreTie@ff39e8ef from omero.util.ServantHolder@649875e7 as 4d50f51c-d5d8-48c9-bb38-fa63886d2d7fomero.api.MetadataStore
2017-01-06 13:10:45,747 INFO  [                      omero.cmd.SessionI] (l.Server-2) Unregistered servant:5e6ce465-ac51-42db-84f4-8e1dbba9be1c/4d50f51c-d5d8-48c9-bb38-fa63886d2d7fomero.api.MetadataStore(omero.api._MetadataStoreTie@ff39e8ef)
2017-01-06 13:10:45,747 INFO  [    o.s.blitz.repo.ManagedImportRequestI] (2-thread-4) Finalizing log file.
